<?xml version="1.0" encoding="UTF-8"?>
<testng-results skipped="0" failed="0" ignored="0" total="19" passed="19">
  <reporter-output>
  </reporter-output>
  <suite name="Suite" duration-ms="176400" started-at="2023-04-25T20:38:53 GST" finished-at="2023-04-25T20:41:50 GST">
    <groups>
      <group name="Sanity">
        <method signature="ManageExpenseTest.verify_Cofirmation_Alertbox_Cancel_Click_Disallow_Deletion()[pri:0, instance:com.obsqura.testScripts.ManageExpenseTest@6a01e23]" name="verify_Cofirmation_Alertbox_Cancel_Click_Disallow_Deletion" class="com.obsqura.testScripts.ManageExpenseTest"/>
      </group> <!-- Sanity -->
      <group name="Regression">
        <method signature="ManageExpenseTest.verify_Cofirmation_AlertboxText_when_DeleteButton_Clicked()[pri:0, instance:com.obsqura.testScripts.ManageExpenseTest@6a01e23]" name="verify_Cofirmation_AlertboxText_when_DeleteButton_Clicked" class="com.obsqura.testScripts.ManageExpenseTest"/>
      </group> <!-- Regression -->
    </groups>
    <test name="Test" duration-ms="176400" started-at="2023-04-25T20:38:53 GST" finished-at="2023-04-25T20:41:50 GST">
      <class name="com.obsqura.testScripts.ManageOfferCodeTest">
        <test-method status="PASS" signature="toInitializeBrowser(java.lang.String)[pri:0, instance:com.obsqura.testScripts.ManageOfferCodeTest@5a955565]" name="toInitializeBrowser" is-config="true" duration-ms="4333" started-at="2023-04-25T20:41:09 GST" finished-at="2023-04-25T20:41:14 GST">
          <params>
            <param index="0">
              <value>
                <![CDATA[Chrome]]>
              </value>
            </param>
          </params>
          <reporter-output>
          </reporter-output>
        </test-method> <!-- toInitializeBrowser -->
        <test-method status="PASS" signature="verify_seraching_With_Existing_Offercode_Shows_Corressponding_Details(java.lang.String)[pri:0, instance:com.obsqura.testScripts.ManageOfferCodeTest@5a955565]" name="verify_seraching_With_Existing_Offercode_Shows_Corressponding_Details" duration-ms="3016" started-at="2023-04-25T20:41:14 GST" finished-at="2023-04-25T20:41:17 GST">
          <params>
            <param index="0">
              <value>
                <![CDATA[SUMMER50]]>
              </value>
            </param>
          </params>
          <reporter-output>
          </reporter-output>
        </test-method> <!-- verify_seraching_With_Existing_Offercode_Shows_Corressponding_Details -->
        <test-method status="PASS" signature="browserQuit(org.testng.ITestResult)[pri:0, instance:com.obsqura.testScripts.ManageOfferCodeTest@5a955565]" name="browserQuit" is-config="true" duration-ms="680" started-at="2023-04-25T20:41:17 GST" finished-at="2023-04-25T20:41:17 GST">
          <params>
            <param index="0">
              <value>
                <![CDATA[[TestResult name=verify_seraching_With_Existing_Offercode_Shows_Corressponding_Details status=SUCCESS method=ManageOfferCodeTest.verify_seraching_With_Existing_Offercode_Shows_Corressponding_Details(java.lang.String)[pri:0, instance:com.obsqura.testScripts.ManageOfferCodeTest@5a955565] output={null}]]]>
              </value>
            </param>
          </params>
          <reporter-output>
          </reporter-output>
        </test-method> <!-- browserQuit -->
      </class> <!-- com.obsqura.testScripts.ManageOfferCodeTest -->
      <class name="com.obsqura.testScripts.PushNotificationsTest">
        <test-method status="PASS" signature="toInitializeBrowser(java.lang.String)[pri:0, instance:com.obsqura.testScripts.PushNotificationsTest@7995092a]" name="toInitializeBrowser" is-config="true" duration-ms="3711" started-at="2023-04-25T20:41:35 GST" finished-at="2023-04-25T20:41:39 GST">
          <params>
            <param index="0">
              <value>
                <![CDATA[Chrome]]>
              </value>
            </param>
          </params>
          <reporter-output>
          </reporter-output>
        </test-method> <!-- toInitializeBrowser -->
        <test-method status="PASS" signature="verify_Send_successfully_AlertMessage_Appears_When_Send_Button_Clicked()[pri:0, instance:com.obsqura.testScripts.PushNotificationsTest@7995092a]" name="verify_Send_successfully_AlertMessage_Appears_When_Send_Button_Clicked" duration-ms="2486" started-at="2023-04-25T20:41:39 GST" finished-at="2023-04-25T20:41:41 GST">
          <reporter-output>
          </reporter-output>
        </test-method> <!-- verify_Send_successfully_AlertMessage_Appears_When_Send_Button_Clicked -->
        <test-method status="PASS" signature="browserQuit(org.testng.ITestResult)[pri:0, instance:com.obsqura.testScripts.PushNotificationsTest@7995092a]" name="browserQuit" is-config="true" duration-ms="686" started-at="2023-04-25T20:41:41 GST" finished-at="2023-04-25T20:41:42 GST">
          <params>
            <param index="0">
              <value>
                <![CDATA[[TestResult name=verify_Send_successfully_AlertMessage_Appears_When_Send_Button_Clicked status=SUCCESS method=PushNotificationsTest.verify_Send_successfully_AlertMessage_Appears_When_Send_Button_Clicked()[pri:0, instance:com.obsqura.testScripts.PushNotificationsTest@7995092a] output={null}]]]>
              </value>
            </param>
          </params>
          <reporter-output>
          </reporter-output>
        </test-method> <!-- browserQuit -->
      </class> <!-- com.obsqura.testScripts.PushNotificationsTest -->
      <class name="com.obsqura.testScripts.ManageSliderTest">
        <test-method status="PASS" signature="toInitializeBrowser(java.lang.String)[pri:0, instance:com.obsqura.testScripts.ManageSliderTest@13c10b87]" name="toInitializeBrowser" is-config="true" duration-ms="4173" started-at="2023-04-25T20:40:31 GST" finished-at="2023-04-25T20:40:35 GST">
          <params>
            <param index="0">
              <value>
                <![CDATA[Chrome]]>
              </value>
            </param>
          </params>
          <reporter-output>
          </reporter-output>
        </test-method> <!-- toInitializeBrowser -->
        <test-method status="PASS" signature="verify_AlertMessage_Visible_if_chooseFileButton_uploads_imageFilewithLink_when_SaveButton_Clicked()[pri:0, instance:com.obsqura.testScripts.ManageSliderTest@13c10b87]" name="verify_AlertMessage_Visible_if_chooseFileButton_uploads_imageFilewithLink_when_SaveButton_Clicked" duration-ms="4166" started-at="2023-04-25T20:40:35 GST" finished-at="2023-04-25T20:40:40 GST">
          <reporter-output>
          </reporter-output>
        </test-method> <!-- verify_AlertMessage_Visible_if_chooseFileButton_uploads_imageFilewithLink_when_SaveButton_Clicked -->
        <test-method status="PASS" signature="browserQuit(org.testng.ITestResult)[pri:0, instance:com.obsqura.testScripts.ManageSliderTest@13c10b87]" name="browserQuit" is-config="true" duration-ms="933" started-at="2023-04-25T20:40:40 GST" finished-at="2023-04-25T20:40:41 GST">
          <params>
            <param index="0">
              <value>
                <![CDATA[[TestResult name=verify_AlertMessage_Visible_if_chooseFileButton_uploads_imageFilewithLink_when_SaveButton_Clicked status=SUCCESS method=ManageSliderTest.verify_AlertMessage_Visible_if_chooseFileButton_uploads_imageFilewithLink_when_SaveButton_Clicked()[pri:0, instance:com.obsqura.testScripts.ManageSliderTest@13c10b87] output={null}]]]>
              </value>
            </param>
          </params>
          <reporter-output>
          </reporter-output>
        </test-method> <!-- browserQuit -->
        <test-method status="PASS" signature="toInitializeBrowser(java.lang.String)[pri:0, instance:com.obsqura.testScripts.ManageSliderTest@13c10b87]" name="toInitializeBrowser" is-config="true" duration-ms="4530" started-at="2023-04-25T20:40:41 GST" finished-at="2023-04-25T20:40:45 GST">
          <params>
            <param index="0">
              <value>
                <![CDATA[Chrome]]>
              </value>
            </param>
          </params>
          <reporter-output>
          </reporter-output>
        </test-method> <!-- toInitializeBrowser -->
        <test-method status="PASS" signature="verify_Status_Changed_Successfully_in_The_Table()[pri:0, instance:com.obsqura.testScripts.ManageSliderTest@13c10b87]" name="verify_Status_Changed_Successfully_in_The_Table" duration-ms="2184" started-at="2023-04-25T20:40:45 GST" finished-at="2023-04-25T20:40:47 GST">
          <reporter-output>
          </reporter-output>
        </test-method> <!-- verify_Status_Changed_Successfully_in_The_Table -->
        <test-method status="PASS" signature="browserQuit(org.testng.ITestResult)[pri:0, instance:com.obsqura.testScripts.ManageSliderTest@13c10b87]" name="browserQuit" is-config="true" duration-ms="824" started-at="2023-04-25T20:40:47 GST" finished-at="2023-04-25T20:40:48 GST">
          <params>
            <param index="0">
              <value>
                <![CDATA[[TestResult name=verify_Status_Changed_Successfully_in_The_Table status=SUCCESS method=ManageSliderTest.verify_Status_Changed_Successfully_in_The_Table()[pri:0, instance:com.obsqura.testScripts.ManageSliderTest@13c10b87] output={null}]]]>
              </value>
            </param>
          </params>
          <reporter-output>
          </reporter-output>
        </test-method> <!-- browserQuit -->
        <test-method status="PASS" signature="toInitializeBrowser(java.lang.String)[pri:0, instance:com.obsqura.testScripts.ManageSliderTest@13c10b87]" name="toInitializeBrowser" is-config="true" duration-ms="4053" started-at="2023-04-25T20:40:48 GST" finished-at="2023-04-25T20:40:52 GST">
          <params>
            <param index="0">
              <value>
                <![CDATA[Chrome]]>
              </value>
            </param>
          </params>
          <reporter-output>
          </reporter-output>
        </test-method> <!-- toInitializeBrowser -->
        <test-method status="PASS" signature="verify_manageSliderLink_navigatedto_ListSliderPage()[pri:0, instance:com.obsqura.testScripts.ManageSliderTest@13c10b87]" name="verify_manageSliderLink_navigatedto_ListSliderPage" duration-ms="1628" started-at="2023-04-25T20:40:52 GST" finished-at="2023-04-25T20:40:54 GST">
          <reporter-output>
          </reporter-output>
        </test-method> <!-- verify_manageSliderLink_navigatedto_ListSliderPage -->
        <test-method status="PASS" signature="browserQuit(org.testng.ITestResult)[pri:0, instance:com.obsqura.testScripts.ManageSliderTest@13c10b87]" name="browserQuit" is-config="true" duration-ms="761" started-at="2023-04-25T20:40:54 GST" finished-at="2023-04-25T20:40:55 GST">
          <params>
            <param index="0">
              <value>
                <![CDATA[[TestResult name=verify_manageSliderLink_navigatedto_ListSliderPage status=SUCCESS method=ManageSliderTest.verify_manageSliderLink_navigatedto_ListSliderPage()[pri:0, instance:com.obsqura.testScripts.ManageSliderTest@13c10b87] output={null}]]]>
              </value>
            </param>
          </params>
          <reporter-output>
          </reporter-output>
        </test-method> <!-- browserQuit -->
      </class> <!-- com.obsqura.testScripts.ManageSliderTest -->
      <class name="com.obsqura.testScripts.ManageExpenseTest">
        <test-method status="PASS" signature="toInitializeBrowser(java.lang.String)[pri:0, instance:com.obsqura.testScripts.ManageExpenseTest@6a01e23]" name="toInitializeBrowser" is-config="true" duration-ms="4593" started-at="2023-04-25T20:40:55 GST" finished-at="2023-04-25T20:40:59 GST">
          <params>
            <param index="0">
              <value>
                <![CDATA[Chrome]]>
              </value>
            </param>
          </params>
          <reporter-output>
          </reporter-output>
        </test-method> <!-- toInitializeBrowser -->
        <test-method status="PASS" signature="verify_Cofirmation_AlertboxText_when_DeleteButton_Clicked()[pri:0, instance:com.obsqura.testScripts.ManageExpenseTest@6a01e23]" name="verify_Cofirmation_AlertboxText_when_DeleteButton_Clicked" duration-ms="1783" started-at="2023-04-25T20:40:59 GST" finished-at="2023-04-25T20:41:01 GST">
          <reporter-output>
          </reporter-output>
        </test-method> <!-- verify_Cofirmation_AlertboxText_when_DeleteButton_Clicked -->
        <test-method status="PASS" signature="browserQuit(org.testng.ITestResult)[pri:0, instance:com.obsqura.testScripts.ManageExpenseTest@6a01e23]" name="browserQuit" is-config="true" duration-ms="684" started-at="2023-04-25T20:41:01 GST" finished-at="2023-04-25T20:41:02 GST">
          <params>
            <param index="0">
              <value>
                <![CDATA[[TestResult name=verify_Cofirmation_AlertboxText_when_DeleteButton_Clicked status=SUCCESS method=ManageExpenseTest.verify_Cofirmation_AlertboxText_when_DeleteButton_Clicked()[pri:0, instance:com.obsqura.testScripts.ManageExpenseTest@6a01e23] output={null}]]]>
              </value>
            </param>
          </params>
          <reporter-output>
          </reporter-output>
        </test-method> <!-- browserQuit -->
        <test-method status="PASS" signature="toInitializeBrowser(java.lang.String)[pri:0, instance:com.obsqura.testScripts.ManageExpenseTest@6a01e23]" name="toInitializeBrowser" is-config="true" duration-ms="4298" started-at="2023-04-25T20:41:02 GST" finished-at="2023-04-25T20:41:06 GST">
          <params>
            <param index="0">
              <value>
                <![CDATA[Chrome]]>
              </value>
            </param>
          </params>
          <reporter-output>
          </reporter-output>
        </test-method> <!-- toInitializeBrowser -->
        <test-method status="PASS" signature="verify_Cofirmation_Alertbox_Cancel_Click_Disallow_Deletion()[pri:0, instance:com.obsqura.testScripts.ManageExpenseTest@6a01e23]" name="verify_Cofirmation_Alertbox_Cancel_Click_Disallow_Deletion" duration-ms="2496" started-at="2023-04-25T20:41:06 GST" finished-at="2023-04-25T20:41:08 GST">
          <reporter-output>
          </reporter-output>
        </test-method> <!-- verify_Cofirmation_Alertbox_Cancel_Click_Disallow_Deletion -->
        <test-method status="PASS" signature="browserQuit(org.testng.ITestResult)[pri:0, instance:com.obsqura.testScripts.ManageExpenseTest@6a01e23]" name="browserQuit" is-config="true" duration-ms="817" started-at="2023-04-25T20:41:08 GST" finished-at="2023-04-25T20:41:09 GST">
          <params>
            <param index="0">
              <value>
                <![CDATA[[TestResult name=verify_Cofirmation_Alertbox_Cancel_Click_Disallow_Deletion status=SUCCESS method=ManageExpenseTest.verify_Cofirmation_Alertbox_Cancel_Click_Disallow_Deletion()[pri:0, instance:com.obsqura.testScripts.ManageExpenseTest@6a01e23] output={null}]]]>
              </value>
            </param>
          </params>
          <reporter-output>
          </reporter-output>
        </test-method> <!-- browserQuit -->
      </class> <!-- com.obsqura.testScripts.ManageExpenseTest -->
      <class name="com.obsqura.testScripts.ManageNewsTest">
        <test-method status="PASS" signature="toInitializeBrowser(java.lang.String)[pri:0, instance:com.obsqura.testScripts.ManageNewsTest@6293abcc]" name="toInitializeBrowser" is-config="true" duration-ms="5071" started-at="2023-04-25T20:41:17 GST" finished-at="2023-04-25T20:41:22 GST">
          <params>
            <param index="0">
              <value>
                <![CDATA[Chrome]]>
              </value>
            </param>
          </params>
          <reporter-output>
          </reporter-output>
        </test-method> <!-- toInitializeBrowser -->
        <test-method status="PASS" signature="verify_New_News_Entered_susccessfully_In_The_Table_When_SaveButton_Clicked()[pri:0, instance:com.obsqura.testScripts.ManageNewsTest@6293abcc]" name="verify_New_News_Entered_susccessfully_In_The_Table_When_SaveButton_Clicked" duration-ms="3536" started-at="2023-04-25T20:41:22 GST" finished-at="2023-04-25T20:41:26 GST">
          <reporter-output>
          </reporter-output>
        </test-method> <!-- verify_New_News_Entered_susccessfully_In_The_Table_When_SaveButton_Clicked -->
        <test-method status="PASS" signature="browserQuit(org.testng.ITestResult)[pri:0, instance:com.obsqura.testScripts.ManageNewsTest@6293abcc]" name="browserQuit" is-config="true" duration-ms="692" started-at="2023-04-25T20:41:26 GST" finished-at="2023-04-25T20:41:27 GST">
          <params>
            <param index="0">
              <value>
                <![CDATA[[TestResult name=verify_New_News_Entered_susccessfully_In_The_Table_When_SaveButton_Clicked status=SUCCESS method=ManageNewsTest.verify_New_News_Entered_susccessfully_In_The_Table_When_SaveButton_Clicked()[pri:0, instance:com.obsqura.testScripts.ManageNewsTest@6293abcc] output={null}]]]>
              </value>
            </param>
          </params>
          <reporter-output>
          </reporter-output>
        </test-method> <!-- browserQuit -->
        <test-method status="PASS" signature="toInitializeBrowser(java.lang.String)[pri:0, instance:com.obsqura.testScripts.ManageNewsTest@6293abcc]" name="toInitializeBrowser" is-config="true" duration-ms="4841" started-at="2023-04-25T20:41:27 GST" finished-at="2023-04-25T20:41:31 GST">
          <params>
            <param index="0">
              <value>
                <![CDATA[Chrome]]>
              </value>
            </param>
          </params>
          <reporter-output>
          </reporter-output>
        </test-method> <!-- toInitializeBrowser -->
        <test-method status="PASS" signature="verify_newsField_Is_Editable_when_Edit_Icon_Clicked()[pri:0, instance:com.obsqura.testScripts.ManageNewsTest@6293abcc]" name="verify_newsField_Is_Editable_when_Edit_Icon_Clicked" duration-ms="2948" started-at="2023-04-25T20:41:31 GST" finished-at="2023-04-25T20:41:34 GST">
          <reporter-output>
          </reporter-output>
        </test-method> <!-- verify_newsField_Is_Editable_when_Edit_Icon_Clicked -->
        <test-method status="PASS" signature="browserQuit(org.testng.ITestResult)[pri:0, instance:com.obsqura.testScripts.ManageNewsTest@6293abcc]" name="browserQuit" is-config="true" duration-ms="701" started-at="2023-04-25T20:41:34 GST" finished-at="2023-04-25T20:41:35 GST">
          <params>
            <param index="0">
              <value>
                <![CDATA[[TestResult name=verify_newsField_Is_Editable_when_Edit_Icon_Clicked status=SUCCESS method=ManageNewsTest.verify_newsField_Is_Editable_when_Edit_Icon_Clicked()[pri:0, instance:com.obsqura.testScripts.ManageNewsTest@6293abcc] output={null}]]]>
              </value>
            </param>
          </params>
          <reporter-output>
          </reporter-output>
        </test-method> <!-- browserQuit -->
      </class> <!-- com.obsqura.testScripts.ManageNewsTest -->
      <class name="com.obsqura.testScripts.AdminUsersTest">
        <test-method status="PASS" signature="toInitializeBrowser(java.lang.String)[pri:0, instance:com.obsqura.testScripts.AdminUsersTest@327b636c]" name="toInitializeBrowser" is-config="true" duration-ms="18511" started-at="2023-04-25T20:38:53 GST" finished-at="2023-04-25T20:39:12 GST">
          <params>
            <param index="0">
              <value>
                <![CDATA[Chrome]]>
              </value>
            </param>
          </params>
          <reporter-output>
          </reporter-output>
        </test-method> <!-- toInitializeBrowser -->
        <test-method status="PASS" signature="verify_New_AdminUser_Details_Added_In_The_Table_When_SaveButton_Clicked()[pri:0, instance:com.obsqura.testScripts.AdminUsersTest@327b636c]" name="verify_New_AdminUser_Details_Added_In_The_Table_When_SaveButton_Clicked" duration-ms="6789" started-at="2023-04-25T20:39:12 GST" finished-at="2023-04-25T20:39:19 GST">
          <reporter-output>
          </reporter-output>
        </test-method> <!-- verify_New_AdminUser_Details_Added_In_The_Table_When_SaveButton_Clicked -->
        <test-method status="PASS" signature="browserQuit(org.testng.ITestResult)[pri:0, instance:com.obsqura.testScripts.AdminUsersTest@327b636c]" name="browserQuit" is-config="true" duration-ms="925" started-at="2023-04-25T20:39:19 GST" finished-at="2023-04-25T20:39:20 GST">
          <params>
            <param index="0">
              <value>
                <![CDATA[[TestResult name=verify_New_AdminUser_Details_Added_In_The_Table_When_SaveButton_Clicked status=SUCCESS method=AdminUsersTest.verify_New_AdminUser_Details_Added_In_The_Table_When_SaveButton_Clicked()[pri:0, instance:com.obsqura.testScripts.AdminUsersTest@327b636c] output={null}]]]>
              </value>
            </param>
          </params>
          <reporter-output>
          </reporter-output>
        </test-method> <!-- browserQuit -->
        <test-method status="PASS" signature="toInitializeBrowser(java.lang.String)[pri:0, instance:com.obsqura.testScripts.AdminUsersTest@327b636c]" name="toInitializeBrowser" is-config="true" duration-ms="5677" started-at="2023-04-25T20:39:20 GST" finished-at="2023-04-25T20:39:25 GST">
          <params>
            <param index="0">
              <value>
                <![CDATA[Chrome]]>
              </value>
            </param>
          </params>
          <reporter-output>
          </reporter-output>
        </test-method> <!-- toInitializeBrowser -->
        <test-method status="PASS" signature="verify_resetButton_BackgroundColor()[pri:0, instance:com.obsqura.testScripts.AdminUsersTest@327b636c]" name="verify_resetButton_BackgroundColor" duration-ms="1855" started-at="2023-04-25T20:39:25 GST" finished-at="2023-04-25T20:39:27 GST">
          <reporter-output>
          </reporter-output>
        </test-method> <!-- verify_resetButton_BackgroundColor -->
        <test-method status="PASS" signature="browserQuit(org.testng.ITestResult)[pri:0, instance:com.obsqura.testScripts.AdminUsersTest@327b636c]" name="browserQuit" is-config="true" duration-ms="704" started-at="2023-04-25T20:39:27 GST" finished-at="2023-04-25T20:39:28 GST">
          <params>
            <param index="0">
              <value>
                <![CDATA[[TestResult name=verify_resetButton_BackgroundColor status=SUCCESS method=AdminUsersTest.verify_resetButton_BackgroundColor()[pri:0, instance:com.obsqura.testScripts.AdminUsersTest@327b636c] output={null}]]]>
              </value>
            </param>
          </params>
          <reporter-output>
          </reporter-output>
        </test-method> <!-- browserQuit -->
      </class> <!-- com.obsqura.testScripts.AdminUsersTest -->
      <class name="com.obsqura.testScripts.LoginTest">
        <test-method status="PASS" signature="toInitializeBrowser(java.lang.String)[pri:0, instance:com.obsqura.testScripts.LoginTest@1df82230]" name="toInitializeBrowser" is-config="true" duration-ms="3879" started-at="2023-04-25T20:39:28 GST" finished-at="2023-04-25T20:39:32 GST">
          <params>
            <param index="0">
              <value>
                <![CDATA[Chrome]]>
              </value>
            </param>
          </params>
          <reporter-output>
          </reporter-output>
        </test-method> <!-- toInitializeBrowser -->
        <test-method status="PASS" signature="verify_SignIn_Button_Text_Alignment_Is_Center()[pri:0, instance:com.obsqura.testScripts.LoginTest@1df82230]" name="verify_SignIn_Button_Text_Alignment_Is_Center" duration-ms="199" started-at="2023-04-25T20:39:32 GST" finished-at="2023-04-25T20:39:32 GST">
          <reporter-output>
          </reporter-output>
        </test-method> <!-- verify_SignIn_Button_Text_Alignment_Is_Center -->
        <test-method status="PASS" signature="browserQuit(org.testng.ITestResult)[pri:0, instance:com.obsqura.testScripts.LoginTest@1df82230]" name="browserQuit" is-config="true" duration-ms="691" started-at="2023-04-25T20:39:32 GST" finished-at="2023-04-25T20:39:33 GST">
          <params>
            <param index="0">
              <value>
                <![CDATA[[TestResult name=verify_SignIn_Button_Text_Alignment_Is_Center status=SUCCESS method=LoginTest.verify_SignIn_Button_Text_Alignment_Is_Center()[pri:0, instance:com.obsqura.testScripts.LoginTest@1df82230] output={null}]]]>
              </value>
            </param>
          </params>
          <reporter-output>
          </reporter-output>
        </test-method> <!-- browserQuit -->
        <test-method status="PASS" signature="toInitializeBrowser(java.lang.String)[pri:0, instance:com.obsqura.testScripts.LoginTest@1df82230]" name="toInitializeBrowser" is-config="true" duration-ms="4764" started-at="2023-04-25T20:39:33 GST" finished-at="2023-04-25T20:39:37 GST">
          <params>
            <param index="0">
              <value>
                <![CDATA[Chrome]]>
              </value>
            </param>
          </params>
          <reporter-output>
          </reporter-output>
        </test-method> <!-- toInitializeBrowser -->
        <test-method status="PASS" signature="verify_login_with_Credentials(java.lang.String,java.lang.String)[pri:0, instance:com.obsqura.testScripts.LoginTest@1df82230]" name="verify_login_with_Credentials" duration-ms="984" started-at="2023-04-25T20:39:37 GST" data-provider="LoginProvider" finished-at="2023-04-25T20:39:38 GST">
          <params>
            <param index="0">
              <value>
                <![CDATA[admin]]>
              </value>
            </param>
            <param index="1">
              <value>
                <![CDATA[admin]]>
              </value>
            </param>
          </params>
          <reporter-output>
          </reporter-output>
        </test-method> <!-- verify_login_with_Credentials -->
        <test-method status="PASS" signature="browserQuit(org.testng.ITestResult)[pri:0, instance:com.obsqura.testScripts.LoginTest@1df82230]" name="browserQuit" is-config="true" duration-ms="734" started-at="2023-04-25T20:39:38 GST" finished-at="2023-04-25T20:39:39 GST">
          <params>
            <param index="0">
              <value>
                <![CDATA[[TestResult name=verify_login_with_Credentials status=SUCCESS method=LoginTest.verify_login_with_Credentials(java.lang.String,java.lang.String)[pri:0, instance:com.obsqura.testScripts.LoginTest@1df82230] output={null}]]]>
              </value>
            </param>
          </params>
          <reporter-output>
          </reporter-output>
        </test-method> <!-- browserQuit -->
        <test-method status="PASS" signature="toInitializeBrowser(java.lang.String)[pri:0, instance:com.obsqura.testScripts.LoginTest@1df82230]" name="toInitializeBrowser" is-config="true" duration-ms="11440" started-at="2023-04-25T20:39:39 GST" finished-at="2023-04-25T20:39:51 GST">
          <params>
            <param index="0">
              <value>
                <![CDATA[Chrome]]>
              </value>
            </param>
          </params>
          <reporter-output>
          </reporter-output>
        </test-method> <!-- toInitializeBrowser -->
        <test-method status="PASS" signature="verify_login_with_Credentials(java.lang.String,java.lang.String)[pri:0, instance:com.obsqura.testScripts.LoginTest@1df82230]" name="verify_login_with_Credentials" duration-ms="2859" started-at="2023-04-25T20:39:51 GST" data-provider="LoginProvider" finished-at="2023-04-25T20:39:53 GST">
          <params>
            <param index="0">
              <value>
                <![CDATA[Admin]]>
              </value>
            </param>
            <param index="1">
              <value>
                <![CDATA[admin]]>
              </value>
            </param>
          </params>
          <reporter-output>
          </reporter-output>
        </test-method> <!-- verify_login_with_Credentials -->
        <test-method status="PASS" signature="browserQuit(org.testng.ITestResult)[pri:0, instance:com.obsqura.testScripts.LoginTest@1df82230]" name="browserQuit" is-config="true" duration-ms="1736" started-at="2023-04-25T20:39:53 GST" finished-at="2023-04-25T20:39:55 GST">
          <params>
            <param index="0">
              <value>
                <![CDATA[[TestResult name=verify_login_with_Credentials status=SUCCESS method=LoginTest.verify_login_with_Credentials(java.lang.String,java.lang.String)[pri:0, instance:com.obsqura.testScripts.LoginTest@1df82230] output={null}]]]>
              </value>
            </param>
          </params>
          <reporter-output>
          </reporter-output>
        </test-method> <!-- browserQuit -->
        <test-method status="PASS" signature="toInitializeBrowser(java.lang.String)[pri:0, instance:com.obsqura.testScripts.LoginTest@1df82230]" name="toInitializeBrowser" is-config="true" duration-ms="8911" started-at="2023-04-25T20:39:55 GST" finished-at="2023-04-25T20:40:04 GST">
          <params>
            <param index="0">
              <value>
                <![CDATA[Chrome]]>
              </value>
            </param>
          </params>
          <reporter-output>
          </reporter-output>
        </test-method> <!-- toInitializeBrowser -->
        <test-method status="PASS" signature="verify_logout_from_the_Session_is_Possible_when_LogoutButton_Clicked()[pri:0, instance:com.obsqura.testScripts.LoginTest@1df82230]" name="verify_logout_from_the_Session_is_Possible_when_LogoutButton_Clicked" duration-ms="2055" started-at="2023-04-25T20:40:04 GST" finished-at="2023-04-25T20:40:06 GST">
          <reporter-output>
          </reporter-output>
        </test-method> <!-- verify_logout_from_the_Session_is_Possible_when_LogoutButton_Clicked -->
        <test-method status="PASS" signature="browserQuit(org.testng.ITestResult)[pri:0, instance:com.obsqura.testScripts.LoginTest@1df82230]" name="browserQuit" is-config="true" duration-ms="694" started-at="2023-04-25T20:40:06 GST" finished-at="2023-04-25T20:40:07 GST">
          <params>
            <param index="0">
              <value>
                <![CDATA[[TestResult name=verify_logout_from_the_Session_is_Possible_when_LogoutButton_Clicked status=SUCCESS method=LoginTest.verify_logout_from_the_Session_is_Possible_when_LogoutButton_Clicked()[pri:0, instance:com.obsqura.testScripts.LoginTest@1df82230] output={null}]]]>
              </value>
            </param>
          </params>
          <reporter-output>
          </reporter-output>
        </test-method> <!-- browserQuit -->
      </class> <!-- com.obsqura.testScripts.LoginTest -->
      <class name="com.obsqura.testScripts.ManageUsersTest">
        <test-method status="PASS" signature="toInitializeBrowser(java.lang.String)[pri:0, instance:com.obsqura.testScripts.ManageUsersTest@7fc2413d]" name="toInitializeBrowser" is-config="true" duration-ms="4399" started-at="2023-04-25T20:41:42 GST" finished-at="2023-04-25T20:41:46 GST">
          <params>
            <param index="0">
              <value>
                <![CDATA[Chrome]]>
              </value>
            </param>
          </params>
          <reporter-output>
          </reporter-output>
        </test-method> <!-- toInitializeBrowser -->
        <test-method status="PASS" signature="verify_corresponding_UserDetails_shown_When_Search_An_Existing_User()[pri:0, instance:com.obsqura.testScripts.ManageUsersTest@7fc2413d]" name="verify_corresponding_UserDetails_shown_When_Search_An_Existing_User" duration-ms="2650" started-at="2023-04-25T20:41:46 GST" finished-at="2023-04-25T20:41:49 GST">
          <reporter-output>
          </reporter-output>
        </test-method> <!-- verify_corresponding_UserDetails_shown_When_Search_An_Existing_User -->
        <test-method status="PASS" signature="browserQuit(org.testng.ITestResult)[pri:0, instance:com.obsqura.testScripts.ManageUsersTest@7fc2413d]" name="browserQuit" is-config="true" duration-ms="711" started-at="2023-04-25T20:41:49 GST" finished-at="2023-04-25T20:41:50 GST">
          <params>
            <param index="0">
              <value>
                <![CDATA[[TestResult name=verify_corresponding_UserDetails_shown_When_Search_An_Existing_User status=SUCCESS method=ManageUsersTest.verify_corresponding_UserDetails_shown_When_Search_An_Existing_User()[pri:0, instance:com.obsqura.testScripts.ManageUsersTest@7fc2413d] output={null}]]]>
              </value>
            </param>
          </params>
          <reporter-output>
          </reporter-output>
        </test-method> <!-- browserQuit -->
      </class> <!-- com.obsqura.testScripts.ManageUsersTest -->
      <class name="com.obsqura.testScripts.ManagepageTest">
        <test-method status="PASS" signature="toInitializeBrowser(java.lang.String)[pri:0, instance:com.obsqura.testScripts.ManagepageTest@22635ba0]" name="toInitializeBrowser" is-config="true" duration-ms="3663" started-at="2023-04-25T20:40:07 GST" finished-at="2023-04-25T20:40:10 GST">
          <params>
            <param index="0">
              <value>
                <![CDATA[Chrome]]>
              </value>
            </param>
          </params>
          <reporter-output>
          </reporter-output>
        </test-method> <!-- toInitializeBrowser -->
        <test-method status="PASS" signature="verify_newButton_allowstoAddPageswith_new_page_and_title()[pri:1, instance:com.obsqura.testScripts.ManagepageTest@22635ba0]" name="verify_newButton_allowstoAddPageswith_new_page_and_title" duration-ms="4644" started-at="2023-04-25T20:40:10 GST" finished-at="2023-04-25T20:40:15 GST">
          <reporter-output>
          </reporter-output>
        </test-method> <!-- verify_newButton_allowstoAddPageswith_new_page_and_title -->
        <test-method status="PASS" signature="browserQuit(org.testng.ITestResult)[pri:0, instance:com.obsqura.testScripts.ManagepageTest@22635ba0]" name="browserQuit" is-config="true" duration-ms="723" started-at="2023-04-25T20:40:15 GST" finished-at="2023-04-25T20:40:16 GST">
          <params>
            <param index="0">
              <value>
                <![CDATA[[TestResult name=verify_newButton_allowstoAddPageswith_new_page_and_title status=SUCCESS method=ManagepageTest.verify_newButton_allowstoAddPageswith_new_page_and_title()[pri:1, instance:com.obsqura.testScripts.ManagepageTest@22635ba0] output={null}]]]>
              </value>
            </param>
          </params>
          <reporter-output>
          </reporter-output>
        </test-method> <!-- browserQuit -->
        <test-method status="PASS" signature="toInitializeBrowser(java.lang.String)[pri:0, instance:com.obsqura.testScripts.ManagepageTest@22635ba0]" name="toInitializeBrowser" is-config="true" duration-ms="4321" started-at="2023-04-25T20:40:16 GST" finished-at="2023-04-25T20:40:20 GST">
          <params>
            <param index="0">
              <value>
                <![CDATA[Chrome]]>
              </value>
            </param>
          </params>
          <reporter-output>
          </reporter-output>
        </test-method> <!-- toInitializeBrowser -->
        <test-method status="PASS" signature="verify_searchButton_shows_ResultNotFound_When_Search_Non_ExistingPage()[pri:2, instance:com.obsqura.testScripts.ManagepageTest@22635ba0]" name="verify_searchButton_shows_ResultNotFound_When_Search_Non_ExistingPage" duration-ms="2588" started-at="2023-04-25T20:40:20 GST" finished-at="2023-04-25T20:40:23 GST">
          <reporter-output>
          </reporter-output>
        </test-method> <!-- verify_searchButton_shows_ResultNotFound_When_Search_Non_ExistingPage -->
        <test-method status="PASS" signature="browserQuit(org.testng.ITestResult)[pri:0, instance:com.obsqura.testScripts.ManagepageTest@22635ba0]" name="browserQuit" is-config="true" duration-ms="674" started-at="2023-04-25T20:40:23 GST" finished-at="2023-04-25T20:40:23 GST">
          <params>
            <param index="0">
              <value>
                <![CDATA[[TestResult name=verify_searchButton_shows_ResultNotFound_When_Search_Non_ExistingPage status=SUCCESS method=ManagepageTest.verify_searchButton_shows_ResultNotFound_When_Search_Non_ExistingPage()[pri:2, instance:com.obsqura.testScripts.ManagepageTest@22635ba0] output={null}]]]>
              </value>
            </param>
          </params>
          <reporter-output>
          </reporter-output>
        </test-method> <!-- browserQuit -->
        <test-method status="PASS" signature="toInitializeBrowser(java.lang.String)[pri:0, instance:com.obsqura.testScripts.ManagepageTest@22635ba0]" name="toInitializeBrowser" is-config="true" duration-ms="4290" started-at="2023-04-25T20:40:23 GST" finished-at="2023-04-25T20:40:28 GST">
          <params>
            <param index="0">
              <value>
                <![CDATA[Chrome]]>
              </value>
            </param>
          </params>
          <reporter-output>
          </reporter-output>
        </test-method> <!-- toInitializeBrowser -->
        <test-method status="PASS" signature="verify_searchButton_shows_Corresponding_Result_When_search_an_ExistingPage()[pri:3, instance:com.obsqura.testScripts.ManagepageTest@22635ba0]" name="verify_searchButton_shows_Corresponding_Result_When_search_an_ExistingPage" duration-ms="2866" started-at="2023-04-25T20:40:28 GST" finished-at="2023-04-25T20:40:31 GST">
          <reporter-output>
          </reporter-output>
        </test-method> <!-- verify_searchButton_shows_Corresponding_Result_When_search_an_ExistingPage -->
        <test-method status="PASS" signature="browserQuit(org.testng.ITestResult)[pri:0, instance:com.obsqura.testScripts.ManagepageTest@22635ba0]" name="browserQuit" is-config="true" duration-ms="732" started-at="2023-04-25T20:40:31 GST" finished-at="2023-04-25T20:40:31 GST">
          <params>
            <param index="0">
              <value>
                <![CDATA[[TestResult name=verify_searchButton_shows_Corresponding_Result_When_search_an_ExistingPage status=SUCCESS method=ManagepageTest.verify_searchButton_shows_Corresponding_Result_When_search_an_ExistingPage()[pri:3, instance:com.obsqura.testScripts.ManagepageTest@22635ba0] output={null}]]]>
              </value>
            </param>
          </params>
          <reporter-output>
          </reporter-output>
        </test-method> <!-- browserQuit -->
      </class> <!-- com.obsqura.testScripts.ManagepageTest -->
    </test> <!-- Test -->
  </suite> <!-- Suite -->
</testng-results>
