<?xml version="1.0" encoding="UTF-8"?>
<testng-results skipped="0" failed="0" ignored="0" total="28" passed="28">
  <reporter-output>
  </reporter-output>
  <suite name="Suite" duration-ms="216513" started-at="2023-04-26T18:57:44 GST" finished-at="2023-04-26T19:01:20 GST">
    <groups>
      <group name="Sanity">
        <method signature="ManageExpenseTest.verify_Cofirmation_AlertboxText_when_DeleteButton_Clicked()[pri:0, instance:com.obsqura.testScripts.ManageExpenseTest@7fc2413d]" name="verify_Cofirmation_AlertboxText_when_DeleteButton_Clicked" class="com.obsqura.testScripts.ManageExpenseTest"/>
        <method signature="ManageExpenseTest.verify_Cofirmation_Alertbox_Cancel_Click_Disallow_Deletion()[pri:0, instance:com.obsqura.testScripts.ManageExpenseTest@7fc2413d]" name="verify_Cofirmation_Alertbox_Cancel_Click_Disallow_Deletion" class="com.obsqura.testScripts.ManageExpenseTest"/>
        <method signature="ManageProductTest.verify_weightUnitDropdownisWorking()[pri:0, instance:com.obsqura.testScripts.ManageProductTest@7d3a22a9]" name="verify_weightUnitDropdownisWorking" class="com.obsqura.testScripts.ManageProductTest"/>
      </group> <!-- Sanity -->
      <group name="Regression">
        <method signature="ManageExpenseTest.verify_Cofirmation_AlertboxText_when_DeleteButton_Clicked()[pri:0, instance:com.obsqura.testScripts.ManageExpenseTest@7fc2413d]" name="verify_Cofirmation_AlertboxText_when_DeleteButton_Clicked" class="com.obsqura.testScripts.ManageExpenseTest"/>
        <method signature="ManageNewsTest.verify_New_News_Entered_susccessfully_In_The_Table_When_SaveButton_Clicked()[pri:0, instance:com.obsqura.testScripts.ManageNewsTest@70be0a2b]" name="verify_New_News_Entered_susccessfully_In_The_Table_When_SaveButton_Clicked" class="com.obsqura.testScripts.ManageNewsTest"/>
        <method signature="ManageNewsTest.verify_newsField_Is_Editable_when_Edit_Icon_Clicked()[pri:0, instance:com.obsqura.testScripts.ManageNewsTest@70be0a2b]" name="verify_newsField_Is_Editable_when_Edit_Icon_Clicked" class="com.obsqura.testScripts.ManageNewsTest"/>
        <method signature="ManageProductTest.verify_nonVegRadioButtonIsSelectable()[pri:0, instance:com.obsqura.testScripts.ManageProductTest@7d3a22a9]" name="verify_nonVegRadioButtonIsSelectable" class="com.obsqura.testScripts.ManageProductTest"/>
        <method signature="ManageProductTest.verify_weightUnitDropdownisWorking()[pri:0, instance:com.obsqura.testScripts.ManageProductTest@7d3a22a9]" name="verify_weightUnitDropdownisWorking" class="com.obsqura.testScripts.ManageProductTest"/>
      </group> <!-- Regression -->
    </groups>
    <test name="Test" duration-ms="216513" started-at="2023-04-26T18:57:44 GST" finished-at="2023-04-26T19:01:20 GST">
      <class name="com.obsqura.testScripts.ManageOfferCodeTest">
        <test-method status="PASS" signature="toInitializeBrowser(java.lang.String)[pri:0, instance:com.obsqura.testScripts.ManageOfferCodeTest@f8c1ddd]" name="toInitializeBrowser" is-config="true" duration-ms="5052" started-at="2023-04-26T18:59:45 GST" finished-at="2023-04-26T18:59:50 GST">
          <params>
            <param index="0">
              <value>
                <![CDATA[Chrome]]>
              </value>
            </param>
          </params>
          <reporter-output>
          </reporter-output>
        </test-method> <!-- toInitializeBrowser -->
        <test-method status="PASS" signature="verify_seraching_With_Existing_Offercode_Shows_Corressponding_Details(java.lang.String)[pri:0, instance:com.obsqura.testScripts.ManageOfferCodeTest@f8c1ddd]" name="verify_seraching_With_Existing_Offercode_Shows_Corressponding_Details" duration-ms="2567" started-at="2023-04-26T18:59:50 GST" finished-at="2023-04-26T18:59:53 GST">
          <params>
            <param index="0">
              <value>
                <![CDATA[SUMMER50]]>
              </value>
            </param>
          </params>
          <reporter-output>
          </reporter-output>
        </test-method> <!-- verify_seraching_With_Existing_Offercode_Shows_Corressponding_Details -->
        <test-method status="PASS" signature="browserQuit(org.testng.ITestResult)[pri:0, instance:com.obsqura.testScripts.ManageOfferCodeTest@f8c1ddd]" name="browserQuit" is-config="true" duration-ms="685" started-at="2023-04-26T18:59:53 GST" finished-at="2023-04-26T18:59:54 GST">
          <params>
            <param index="0">
              <value>
                <![CDATA[[TestResult name=verify_seraching_With_Existing_Offercode_Shows_Corressponding_Details status=SUCCESS method=ManageOfferCodeTest.verify_seraching_With_Existing_Offercode_Shows_Corressponding_Details(java.lang.String)[pri:0, instance:com.obsqura.testScripts.ManageOfferCodeTest@f8c1ddd] output={null}]]]>
              </value>
            </param>
          </params>
          <reporter-output>
          </reporter-output>
        </test-method> <!-- browserQuit -->
      </class> <!-- com.obsqura.testScripts.ManageOfferCodeTest -->
      <class name="com.obsqura.testScripts.ManagePaymentMethodTest">
        <test-method status="PASS" signature="toInitializeBrowser(java.lang.String)[pri:0, instance:com.obsqura.testScripts.ManagePaymentMethodTest@4c15e7fd]" name="toInitializeBrowser" is-config="true" duration-ms="4270" started-at="2023-04-26T19:00:32 GST" finished-at="2023-04-26T19:00:36 GST">
          <params>
            <param index="0">
              <value>
                <![CDATA[Chrome]]>
              </value>
            </param>
          </params>
          <reporter-output>
          </reporter-output>
        </test-method> <!-- toInitializeBrowser -->
        <test-method status="PASS" signature="verify_newsField_Is_Editable_when_Edit_Icon_Clicked()[pri:0, instance:com.obsqura.testScripts.ManagePaymentMethodTest@4c15e7fd]" name="verify_newsField_Is_Editable_when_Edit_Icon_Clicked" duration-ms="2777" started-at="2023-04-26T19:00:36 GST" finished-at="2023-04-26T19:00:39 GST">
          <reporter-output>
          </reporter-output>
        </test-method> <!-- verify_newsField_Is_Editable_when_Edit_Icon_Clicked -->
        <test-method status="PASS" signature="browserQuit(org.testng.ITestResult)[pri:0, instance:com.obsqura.testScripts.ManagePaymentMethodTest@4c15e7fd]" name="browserQuit" is-config="true" duration-ms="767" started-at="2023-04-26T19:00:39 GST" finished-at="2023-04-26T19:00:39 GST">
          <params>
            <param index="0">
              <value>
                <![CDATA[[TestResult name=verify_newsField_Is_Editable_when_Edit_Icon_Clicked status=SUCCESS method=ManagePaymentMethodTest.verify_newsField_Is_Editable_when_Edit_Icon_Clicked()[pri:0, instance:com.obsqura.testScripts.ManagePaymentMethodTest@4c15e7fd] output={null}]]]>
              </value>
            </param>
          </params>
          <reporter-output>
          </reporter-output>
        </test-method> <!-- browserQuit -->
      </class> <!-- com.obsqura.testScripts.ManagePaymentMethodTest -->
      <class name="com.obsqura.testScripts.PushNotificationsTest">
        <test-method status="PASS" signature="toInitializeBrowser(java.lang.String)[pri:0, instance:com.obsqura.testScripts.PushNotificationsTest@2133814f]" name="toInitializeBrowser" is-config="true" duration-ms="4683" started-at="2023-04-26T19:00:24 GST" finished-at="2023-04-26T19:00:28 GST">
          <params>
            <param index="0">
              <value>
                <![CDATA[Chrome]]>
              </value>
            </param>
          </params>
          <reporter-output>
          </reporter-output>
        </test-method> <!-- toInitializeBrowser -->
        <test-method status="PASS" signature="verify_Send_successfully_AlertMessage_Appears_When_Send_Button_Clicked()[pri:0, instance:com.obsqura.testScripts.PushNotificationsTest@2133814f]" name="verify_Send_successfully_AlertMessage_Appears_When_Send_Button_Clicked" duration-ms="2528" started-at="2023-04-26T19:00:28 GST" finished-at="2023-04-26T19:00:31 GST">
          <reporter-output>
          </reporter-output>
        </test-method> <!-- verify_Send_successfully_AlertMessage_Appears_When_Send_Button_Clicked -->
        <test-method status="PASS" signature="browserQuit(org.testng.ITestResult)[pri:0, instance:com.obsqura.testScripts.PushNotificationsTest@2133814f]" name="browserQuit" is-config="true" duration-ms="751" started-at="2023-04-26T19:00:31 GST" finished-at="2023-04-26T19:00:32 GST">
          <params>
            <param index="0">
              <value>
                <![CDATA[[TestResult name=verify_Send_successfully_AlertMessage_Appears_When_Send_Button_Clicked status=SUCCESS method=PushNotificationsTest.verify_Send_successfully_AlertMessage_Appears_When_Send_Button_Clicked()[pri:0, instance:com.obsqura.testScripts.PushNotificationsTest@2133814f] output={null}]]]>
              </value>
            </param>
          </params>
          <reporter-output>
          </reporter-output>
        </test-method> <!-- browserQuit -->
      </class> <!-- com.obsqura.testScripts.PushNotificationsTest -->
      <class name="com.obsqura.testScripts.ManageSliderTest">
        <test-method status="PASS" signature="toInitializeBrowser(java.lang.String)[pri:0, instance:com.obsqura.testScripts.ManageSliderTest@7995092a]" name="toInitializeBrowser" is-config="true" duration-ms="4612" started-at="2023-04-26T18:59:09 GST" finished-at="2023-04-26T18:59:14 GST">
          <params>
            <param index="0">
              <value>
                <![CDATA[Chrome]]>
              </value>
            </param>
          </params>
          <reporter-output>
          </reporter-output>
        </test-method> <!-- toInitializeBrowser -->
        <test-method status="PASS" signature="verify_AlertMessage_Visible_if_chooseFileButton_uploads_imageFilewithLink_when_SaveButton_Clicked()[pri:0, instance:com.obsqura.testScripts.ManageSliderTest@7995092a]" name="verify_AlertMessage_Visible_if_chooseFileButton_uploads_imageFilewithLink_when_SaveButton_Clicked" duration-ms="3223" started-at="2023-04-26T18:59:14 GST" finished-at="2023-04-26T18:59:17 GST">
          <reporter-output>
          </reporter-output>
        </test-method> <!-- verify_AlertMessage_Visible_if_chooseFileButton_uploads_imageFilewithLink_when_SaveButton_Clicked -->
        <test-method status="PASS" signature="browserQuit(org.testng.ITestResult)[pri:0, instance:com.obsqura.testScripts.ManageSliderTest@7995092a]" name="browserQuit" is-config="true" duration-ms="694" started-at="2023-04-26T18:59:17 GST" finished-at="2023-04-26T18:59:18 GST">
          <params>
            <param index="0">
              <value>
                <![CDATA[[TestResult name=verify_AlertMessage_Visible_if_chooseFileButton_uploads_imageFilewithLink_when_SaveButton_Clicked status=SUCCESS method=ManageSliderTest.verify_AlertMessage_Visible_if_chooseFileButton_uploads_imageFilewithLink_when_SaveButton_Clicked()[pri:0, instance:com.obsqura.testScripts.ManageSliderTest@7995092a] output={null}]]]>
              </value>
            </param>
          </params>
          <reporter-output>
          </reporter-output>
        </test-method> <!-- browserQuit -->
        <test-method status="PASS" signature="toInitializeBrowser(java.lang.String)[pri:0, instance:com.obsqura.testScripts.ManageSliderTest@7995092a]" name="toInitializeBrowser" is-config="true" duration-ms="3753" started-at="2023-04-26T18:59:18 GST" finished-at="2023-04-26T18:59:21 GST">
          <params>
            <param index="0">
              <value>
                <![CDATA[Chrome]]>
              </value>
            </param>
          </params>
          <reporter-output>
          </reporter-output>
        </test-method> <!-- toInitializeBrowser -->
        <test-method status="PASS" signature="verify_Status_Changed_Successfully_in_The_Table()[pri:0, instance:com.obsqura.testScripts.ManageSliderTest@7995092a]" name="verify_Status_Changed_Successfully_in_The_Table" duration-ms="2221" started-at="2023-04-26T18:59:21 GST" finished-at="2023-04-26T18:59:24 GST">
          <reporter-output>
          </reporter-output>
        </test-method> <!-- verify_Status_Changed_Successfully_in_The_Table -->
        <test-method status="PASS" signature="browserQuit(org.testng.ITestResult)[pri:0, instance:com.obsqura.testScripts.ManageSliderTest@7995092a]" name="browserQuit" is-config="true" duration-ms="723" started-at="2023-04-26T18:59:24 GST" finished-at="2023-04-26T18:59:24 GST">
          <params>
            <param index="0">
              <value>
                <![CDATA[[TestResult name=verify_Status_Changed_Successfully_in_The_Table status=SUCCESS method=ManageSliderTest.verify_Status_Changed_Successfully_in_The_Table()[pri:0, instance:com.obsqura.testScripts.ManageSliderTest@7995092a] output={null}]]]>
              </value>
            </param>
          </params>
          <reporter-output>
          </reporter-output>
        </test-method> <!-- browserQuit -->
        <test-method status="PASS" signature="toInitializeBrowser(java.lang.String)[pri:0, instance:com.obsqura.testScripts.ManageSliderTest@7995092a]" name="toInitializeBrowser" is-config="true" duration-ms="4058" started-at="2023-04-26T18:59:24 GST" finished-at="2023-04-26T18:59:28 GST">
          <params>
            <param index="0">
              <value>
                <![CDATA[Chrome]]>
              </value>
            </param>
          </params>
          <reporter-output>
          </reporter-output>
        </test-method> <!-- toInitializeBrowser -->
        <test-method status="PASS" signature="verify_manageSliderLink_navigatedto_ListSliderPage()[pri:0, instance:com.obsqura.testScripts.ManageSliderTest@7995092a]" name="verify_manageSliderLink_navigatedto_ListSliderPage" duration-ms="1529" started-at="2023-04-26T18:59:28 GST" finished-at="2023-04-26T18:59:30 GST">
          <reporter-output>
          </reporter-output>
        </test-method> <!-- verify_manageSliderLink_navigatedto_ListSliderPage -->
        <test-method status="PASS" signature="browserQuit(org.testng.ITestResult)[pri:0, instance:com.obsqura.testScripts.ManageSliderTest@7995092a]" name="browserQuit" is-config="true" duration-ms="692" started-at="2023-04-26T18:59:30 GST" finished-at="2023-04-26T18:59:31 GST">
          <params>
            <param index="0">
              <value>
                <![CDATA[[TestResult name=verify_manageSliderLink_navigatedto_ListSliderPage status=SUCCESS method=ManageSliderTest.verify_manageSliderLink_navigatedto_ListSliderPage()[pri:0, instance:com.obsqura.testScripts.ManageSliderTest@7995092a] output={null}]]]>
              </value>
            </param>
          </params>
          <reporter-output>
          </reporter-output>
        </test-method> <!-- browserQuit -->
      </class> <!-- com.obsqura.testScripts.ManageSliderTest -->
      <class name="com.obsqura.testScripts.ManageProductTest">
        <test-method status="PASS" signature="toInitializeBrowser(java.lang.String)[pri:0, instance:com.obsqura.testScripts.ManageProductTest@7d3a22a9]" name="toInitializeBrowser" is-config="true" duration-ms="4858" started-at="2023-04-26T19:01:02 GST" finished-at="2023-04-26T19:01:07 GST">
          <params>
            <param index="0">
              <value>
                <![CDATA[Chrome]]>
              </value>
            </param>
          </params>
          <reporter-output>
          </reporter-output>
        </test-method> <!-- toInitializeBrowser -->
        <test-method status="PASS" signature="verify_nonVegRadioButtonIsSelectable()[pri:0, instance:com.obsqura.testScripts.ManageProductTest@7d3a22a9]" name="verify_nonVegRadioButtonIsSelectable" duration-ms="2393" started-at="2023-04-26T19:01:07 GST" finished-at="2023-04-26T19:01:09 GST">
          <reporter-output>
          </reporter-output>
        </test-method> <!-- verify_nonVegRadioButtonIsSelectable -->
        <test-method status="PASS" signature="browserQuit(org.testng.ITestResult)[pri:0, instance:com.obsqura.testScripts.ManageProductTest@7d3a22a9]" name="browserQuit" is-config="true" duration-ms="699" started-at="2023-04-26T19:01:09 GST" finished-at="2023-04-26T19:01:10 GST">
          <params>
            <param index="0">
              <value>
                <![CDATA[[TestResult name=verify_nonVegRadioButtonIsSelectable status=SUCCESS method=ManageProductTest.verify_nonVegRadioButtonIsSelectable()[pri:0, instance:com.obsqura.testScripts.ManageProductTest@7d3a22a9] output={null}]]]>
              </value>
            </param>
          </params>
          <reporter-output>
          </reporter-output>
        </test-method> <!-- browserQuit -->
        <test-method status="PASS" signature="toInitializeBrowser(java.lang.String)[pri:0, instance:com.obsqura.testScripts.ManageProductTest@7d3a22a9]" name="toInitializeBrowser" is-config="true" duration-ms="6660" started-at="2023-04-26T19:01:10 GST" finished-at="2023-04-26T19:01:17 GST">
          <params>
            <param index="0">
              <value>
                <![CDATA[Chrome]]>
              </value>
            </param>
          </params>
          <reporter-output>
          </reporter-output>
        </test-method> <!-- toInitializeBrowser -->
        <test-method status="PASS" signature="verify_weightUnitDropdownisWorking()[pri:0, instance:com.obsqura.testScripts.ManageProductTest@7d3a22a9]" name="verify_weightUnitDropdownisWorking" duration-ms="2824" started-at="2023-04-26T19:01:17 GST" finished-at="2023-04-26T19:01:19 GST">
          <reporter-output>
          </reporter-output>
        </test-method> <!-- verify_weightUnitDropdownisWorking -->
        <test-method status="PASS" signature="browserQuit(org.testng.ITestResult)[pri:0, instance:com.obsqura.testScripts.ManageProductTest@7d3a22a9]" name="browserQuit" is-config="true" duration-ms="715" started-at="2023-04-26T19:01:19 GST" finished-at="2023-04-26T19:01:20 GST">
          <params>
            <param index="0">
              <value>
                <![CDATA[[TestResult name=verify_weightUnitDropdownisWorking status=SUCCESS method=ManageProductTest.verify_weightUnitDropdownisWorking()[pri:0, instance:com.obsqura.testScripts.ManageProductTest@7d3a22a9] output={null}]]]>
              </value>
            </param>
          </params>
          <reporter-output>
          </reporter-output>
        </test-method> <!-- browserQuit -->
      </class> <!-- com.obsqura.testScripts.ManageProductTest -->
      <class name="com.obsqura.testScripts.ManageNewsTest">
        <test-method status="PASS" signature="toInitializeBrowser(java.lang.String)[pri:0, instance:com.obsqura.testScripts.ManageNewsTest@70be0a2b]" name="toInitializeBrowser" is-config="true" duration-ms="3844" started-at="2023-04-26T18:59:54 GST" finished-at="2023-04-26T18:59:58 GST">
          <params>
            <param index="0">
              <value>
                <![CDATA[Chrome]]>
              </value>
            </param>
          </params>
          <reporter-output>
          </reporter-output>
        </test-method> <!-- toInitializeBrowser -->
        <test-method status="PASS" signature="verify_New_News_Entered_susccessfully_In_The_Table_When_SaveButton_Clicked()[pri:0, instance:com.obsqura.testScripts.ManageNewsTest@70be0a2b]" name="verify_New_News_Entered_susccessfully_In_The_Table_When_SaveButton_Clicked" duration-ms="3373" started-at="2023-04-26T18:59:58 GST" finished-at="2023-04-26T19:00:01 GST">
          <reporter-output>
          </reporter-output>
        </test-method> <!-- verify_New_News_Entered_susccessfully_In_The_Table_When_SaveButton_Clicked -->
        <test-method status="PASS" signature="browserQuit(org.testng.ITestResult)[pri:0, instance:com.obsqura.testScripts.ManageNewsTest@70be0a2b]" name="browserQuit" is-config="true" duration-ms="681" started-at="2023-04-26T19:00:01 GST" finished-at="2023-04-26T19:00:02 GST">
          <params>
            <param index="0">
              <value>
                <![CDATA[[TestResult name=verify_New_News_Entered_susccessfully_In_The_Table_When_SaveButton_Clicked status=SUCCESS method=ManageNewsTest.verify_New_News_Entered_susccessfully_In_The_Table_When_SaveButton_Clicked()[pri:0, instance:com.obsqura.testScripts.ManageNewsTest@70be0a2b] output={null}]]]>
              </value>
            </param>
          </params>
          <reporter-output>
          </reporter-output>
        </test-method> <!-- browserQuit -->
        <test-method status="PASS" signature="toInitializeBrowser(java.lang.String)[pri:0, instance:com.obsqura.testScripts.ManageNewsTest@70be0a2b]" name="toInitializeBrowser" is-config="true" duration-ms="4095" started-at="2023-04-26T19:00:02 GST" finished-at="2023-04-26T19:00:06 GST">
          <params>
            <param index="0">
              <value>
                <![CDATA[Chrome]]>
              </value>
            </param>
          </params>
          <reporter-output>
          </reporter-output>
        </test-method> <!-- toInitializeBrowser -->
        <test-method status="PASS" signature="verify_newsField_Is_Editable_when_Edit_Icon_Clicked()[pri:0, instance:com.obsqura.testScripts.ManageNewsTest@70be0a2b]" name="verify_newsField_Is_Editable_when_Edit_Icon_Clicked" duration-ms="2829" started-at="2023-04-26T19:00:06 GST" finished-at="2023-04-26T19:00:09 GST">
          <reporter-output>
          </reporter-output>
        </test-method> <!-- verify_newsField_Is_Editable_when_Edit_Icon_Clicked -->
        <test-method status="PASS" signature="browserQuit(org.testng.ITestResult)[pri:0, instance:com.obsqura.testScripts.ManageNewsTest@70be0a2b]" name="browserQuit" is-config="true" duration-ms="706" started-at="2023-04-26T19:00:09 GST" finished-at="2023-04-26T19:00:09 GST">
          <params>
            <param index="0">
              <value>
                <![CDATA[[TestResult name=verify_newsField_Is_Editable_when_Edit_Icon_Clicked status=SUCCESS method=ManageNewsTest.verify_newsField_Is_Editable_when_Edit_Icon_Clicked()[pri:0, instance:com.obsqura.testScripts.ManageNewsTest@70be0a2b] output={null}]]]>
              </value>
            </param>
          </params>
          <reporter-output>
          </reporter-output>
        </test-method> <!-- browserQuit -->
        <test-method status="PASS" signature="toInitializeBrowser(java.lang.String)[pri:0, instance:com.obsqura.testScripts.ManageNewsTest@70be0a2b]" name="toInitializeBrowser" is-config="true" duration-ms="4734" started-at="2023-04-26T19:00:09 GST" finished-at="2023-04-26T19:00:14 GST">
          <params>
            <param index="0">
              <value>
                <![CDATA[Chrome]]>
              </value>
            </param>
          </params>
          <reporter-output>
          </reporter-output>
        </test-method> <!-- toInitializeBrowser -->
        <test-method status="PASS" signature="verify_searchButton_shows_Corresponding_Result_When_search_an_ExistingNews()[pri:0, instance:com.obsqura.testScripts.ManageNewsTest@70be0a2b]" name="verify_searchButton_shows_Corresponding_Result_When_search_an_ExistingNews" duration-ms="2183" started-at="2023-04-26T19:00:14 GST" finished-at="2023-04-26T19:00:16 GST">
          <reporter-output>
          </reporter-output>
        </test-method> <!-- verify_searchButton_shows_Corresponding_Result_When_search_an_ExistingNews -->
        <test-method status="PASS" signature="browserQuit(org.testng.ITestResult)[pri:0, instance:com.obsqura.testScripts.ManageNewsTest@70be0a2b]" name="browserQuit" is-config="true" duration-ms="698" started-at="2023-04-26T19:00:16 GST" finished-at="2023-04-26T19:00:17 GST">
          <params>
            <param index="0">
              <value>
                <![CDATA[[TestResult name=verify_searchButton_shows_Corresponding_Result_When_search_an_ExistingNews status=SUCCESS method=ManageNewsTest.verify_searchButton_shows_Corresponding_Result_When_search_an_ExistingNews()[pri:0, instance:com.obsqura.testScripts.ManageNewsTest@70be0a2b] output={null}]]]>
              </value>
            </param>
          </params>
          <reporter-output>
          </reporter-output>
        </test-method> <!-- browserQuit -->
        <test-method status="PASS" signature="toInitializeBrowser(java.lang.String)[pri:0, instance:com.obsqura.testScripts.ManageNewsTest@70be0a2b]" name="toInitializeBrowser" is-config="true" duration-ms="4165" started-at="2023-04-26T19:00:17 GST" finished-at="2023-04-26T19:00:21 GST">
          <params>
            <param index="0">
              <value>
                <![CDATA[Chrome]]>
              </value>
            </param>
          </params>
          <reporter-output>
          </reporter-output>
        </test-method> <!-- toInitializeBrowser -->
        <test-method status="PASS" signature="verify_searchButton_shows_ResultNotFound_When_Search_Non_ExistingNews()[pri:0, instance:com.obsqura.testScripts.ManageNewsTest@70be0a2b]" name="verify_searchButton_shows_ResultNotFound_When_Search_Non_ExistingNews" duration-ms="2017" started-at="2023-04-26T19:00:21 GST" finished-at="2023-04-26T19:00:23 GST">
          <reporter-output>
          </reporter-output>
        </test-method> <!-- verify_searchButton_shows_ResultNotFound_When_Search_Non_ExistingNews -->
        <test-method status="PASS" signature="browserQuit(org.testng.ITestResult)[pri:0, instance:com.obsqura.testScripts.ManageNewsTest@70be0a2b]" name="browserQuit" is-config="true" duration-ms="689" started-at="2023-04-26T19:00:23 GST" finished-at="2023-04-26T19:00:24 GST">
          <params>
            <param index="0">
              <value>
                <![CDATA[[TestResult name=verify_searchButton_shows_ResultNotFound_When_Search_Non_ExistingNews status=SUCCESS method=ManageNewsTest.verify_searchButton_shows_ResultNotFound_When_Search_Non_ExistingNews()[pri:0, instance:com.obsqura.testScripts.ManageNewsTest@70be0a2b] output={null}]]]>
              </value>
            </param>
          </params>
          <reporter-output>
          </reporter-output>
        </test-method> <!-- browserQuit -->
      </class> <!-- com.obsqura.testScripts.ManageNewsTest -->
      <class name="com.obsqura.testScripts.AdminUsersTest">
        <test-method status="PASS" signature="toInitializeBrowser(java.lang.String)[pri:0, instance:com.obsqura.testScripts.AdminUsersTest@5e4c8041]" name="toInitializeBrowser" is-config="true" duration-ms="10075" started-at="2023-04-26T18:57:44 GST" finished-at="2023-04-26T18:57:54 GST">
          <params>
            <param index="0">
              <value>
                <![CDATA[Chrome]]>
              </value>
            </param>
          </params>
          <reporter-output>
          </reporter-output>
        </test-method> <!-- toInitializeBrowser -->
        <test-method status="PASS" signature="verify_New_AdminUser_Details_Added_In_The_Table_When_SaveButton_Clicked()[pri:0, instance:com.obsqura.testScripts.AdminUsersTest@5e4c8041]" name="verify_New_AdminUser_Details_Added_In_The_Table_When_SaveButton_Clicked" duration-ms="5196" started-at="2023-04-26T18:57:54 GST" finished-at="2023-04-26T18:57:59 GST">
          <reporter-output>
          </reporter-output>
        </test-method> <!-- verify_New_AdminUser_Details_Added_In_The_Table_When_SaveButton_Clicked -->
        <test-method status="PASS" signature="browserQuit(org.testng.ITestResult)[pri:0, instance:com.obsqura.testScripts.AdminUsersTest@5e4c8041]" name="browserQuit" is-config="true" duration-ms="838" started-at="2023-04-26T18:57:59 GST" finished-at="2023-04-26T18:58:00 GST">
          <params>
            <param index="0">
              <value>
                <![CDATA[[TestResult name=verify_New_AdminUser_Details_Added_In_The_Table_When_SaveButton_Clicked status=SUCCESS method=AdminUsersTest.verify_New_AdminUser_Details_Added_In_The_Table_When_SaveButton_Clicked()[pri:0, instance:com.obsqura.testScripts.AdminUsersTest@5e4c8041] output={null}]]]>
              </value>
            </param>
          </params>
          <reporter-output>
          </reporter-output>
        </test-method> <!-- browserQuit -->
        <test-method status="PASS" signature="toInitializeBrowser(java.lang.String)[pri:0, instance:com.obsqura.testScripts.AdminUsersTest@5e4c8041]" name="toInitializeBrowser" is-config="true" duration-ms="4685" started-at="2023-04-26T18:58:00 GST" finished-at="2023-04-26T18:58:04 GST">
          <params>
            <param index="0">
              <value>
                <![CDATA[Chrome]]>
              </value>
            </param>
          </params>
          <reporter-output>
          </reporter-output>
        </test-method> <!-- toInitializeBrowser -->
        <test-method status="PASS" signature="verify_Resul_Not_Found_AppearsIn_The_Table_When_search_non_ExistingUser()[pri:0, instance:com.obsqura.testScripts.AdminUsersTest@5e4c8041]" name="verify_Resul_Not_Found_AppearsIn_The_Table_When_search_non_ExistingUser" duration-ms="2366" started-at="2023-04-26T18:58:04 GST" finished-at="2023-04-26T18:58:07 GST">
          <reporter-output>
          </reporter-output>
        </test-method> <!-- verify_Resul_Not_Found_AppearsIn_The_Table_When_search_non_ExistingUser -->
        <test-method status="PASS" signature="browserQuit(org.testng.ITestResult)[pri:0, instance:com.obsqura.testScripts.AdminUsersTest@5e4c8041]" name="browserQuit" is-config="true" duration-ms="683" started-at="2023-04-26T18:58:07 GST" finished-at="2023-04-26T18:58:08 GST">
          <params>
            <param index="0">
              <value>
                <![CDATA[[TestResult name=verify_Resul_Not_Found_AppearsIn_The_Table_When_search_non_ExistingUser status=SUCCESS method=AdminUsersTest.verify_Resul_Not_Found_AppearsIn_The_Table_When_search_non_ExistingUser()[pri:0, instance:com.obsqura.testScripts.AdminUsersTest@5e4c8041] output={null}]]]>
              </value>
            </param>
          </params>
          <reporter-output>
          </reporter-output>
        </test-method> <!-- browserQuit -->
        <test-method status="PASS" signature="toInitializeBrowser(java.lang.String)[pri:0, instance:com.obsqura.testScripts.AdminUsersTest@5e4c8041]" name="toInitializeBrowser" is-config="true" duration-ms="4518" started-at="2023-04-26T18:58:08 GST" finished-at="2023-04-26T18:58:12 GST">
          <params>
            <param index="0">
              <value>
                <![CDATA[Chrome]]>
              </value>
            </param>
          </params>
          <reporter-output>
          </reporter-output>
        </test-method> <!-- toInitializeBrowser -->
        <test-method status="PASS" signature="verify_resetButton_BackgroundColor()[pri:0, instance:com.obsqura.testScripts.AdminUsersTest@5e4c8041]" name="verify_resetButton_BackgroundColor" duration-ms="1655" started-at="2023-04-26T18:58:12 GST" finished-at="2023-04-26T18:58:14 GST">
          <reporter-output>
          </reporter-output>
        </test-method> <!-- verify_resetButton_BackgroundColor -->
        <test-method status="PASS" signature="browserQuit(org.testng.ITestResult)[pri:0, instance:com.obsqura.testScripts.AdminUsersTest@5e4c8041]" name="browserQuit" is-config="true" duration-ms="830" started-at="2023-04-26T18:58:14 GST" finished-at="2023-04-26T18:58:15 GST">
          <params>
            <param index="0">
              <value>
                <![CDATA[[TestResult name=verify_resetButton_BackgroundColor status=SUCCESS method=AdminUsersTest.verify_resetButton_BackgroundColor()[pri:0, instance:com.obsqura.testScripts.AdminUsersTest@5e4c8041] output={null}]]]>
              </value>
            </param>
          </params>
          <reporter-output>
          </reporter-output>
        </test-method> <!-- browserQuit -->
        <test-method status="PASS" signature="toInitializeBrowser(java.lang.String)[pri:0, instance:com.obsqura.testScripts.AdminUsersTest@5e4c8041]" name="toInitializeBrowser" is-config="true" duration-ms="4411" started-at="2023-04-26T18:58:15 GST" finished-at="2023-04-26T18:58:19 GST">
          <params>
            <param index="0">
              <value>
                <![CDATA[Chrome]]>
              </value>
            </param>
          </params>
          <reporter-output>
          </reporter-output>
        </test-method> <!-- toInitializeBrowser -->
        <test-method status="PASS" signature="verify_searchButton_shows_Corresponding_Result_When_search_an_ExistingUser()[pri:0, instance:com.obsqura.testScripts.AdminUsersTest@5e4c8041]" name="verify_searchButton_shows_Corresponding_Result_When_search_an_ExistingUser" duration-ms="2182" started-at="2023-04-26T18:58:19 GST" finished-at="2023-04-26T18:58:21 GST">
          <reporter-output>
          </reporter-output>
        </test-method> <!-- verify_searchButton_shows_Corresponding_Result_When_search_an_ExistingUser -->
        <test-method status="PASS" signature="browserQuit(org.testng.ITestResult)[pri:0, instance:com.obsqura.testScripts.AdminUsersTest@5e4c8041]" name="browserQuit" is-config="true" duration-ms="727" started-at="2023-04-26T18:58:21 GST" finished-at="2023-04-26T18:58:22 GST">
          <params>
            <param index="0">
              <value>
                <![CDATA[[TestResult name=verify_searchButton_shows_Corresponding_Result_When_search_an_ExistingUser status=SUCCESS method=AdminUsersTest.verify_searchButton_shows_Corresponding_Result_When_search_an_ExistingUser()[pri:0, instance:com.obsqura.testScripts.AdminUsersTest@5e4c8041] output={null}]]]>
              </value>
            </param>
          </params>
          <reporter-output>
          </reporter-output>
        </test-method> <!-- browserQuit -->
      </class> <!-- com.obsqura.testScripts.AdminUsersTest -->
      <class name="com.obsqura.testScripts.ManagepageTest">
        <test-method status="PASS" signature="toInitializeBrowser(java.lang.String)[pri:0, instance:com.obsqura.testScripts.ManagepageTest@6293abcc]" name="toInitializeBrowser" is-config="true" duration-ms="4573" started-at="2023-04-26T18:58:45 GST" finished-at="2023-04-26T18:58:50 GST">
          <params>
            <param index="0">
              <value>
                <![CDATA[Chrome]]>
              </value>
            </param>
          </params>
          <reporter-output>
          </reporter-output>
        </test-method> <!-- toInitializeBrowser -->
        <test-method status="PASS" signature="verify_newButton_allowstoAddPageswith_new_page_and_title()[pri:1, instance:com.obsqura.testScripts.ManagepageTest@6293abcc]" name="verify_newButton_allowstoAddPageswith_new_page_and_title" duration-ms="3817" started-at="2023-04-26T18:58:50 GST" finished-at="2023-04-26T18:58:54 GST">
          <reporter-output>
          </reporter-output>
        </test-method> <!-- verify_newButton_allowstoAddPageswith_new_page_and_title -->
        <test-method status="PASS" signature="browserQuit(org.testng.ITestResult)[pri:0, instance:com.obsqura.testScripts.ManagepageTest@6293abcc]" name="browserQuit" is-config="true" duration-ms="816" started-at="2023-04-26T18:58:54 GST" finished-at="2023-04-26T18:58:55 GST">
          <params>
            <param index="0">
              <value>
                <![CDATA[[TestResult name=verify_newButton_allowstoAddPageswith_new_page_and_title status=SUCCESS method=ManagepageTest.verify_newButton_allowstoAddPageswith_new_page_and_title()[pri:1, instance:com.obsqura.testScripts.ManagepageTest@6293abcc] output={null}]]]>
              </value>
            </param>
          </params>
          <reporter-output>
          </reporter-output>
        </test-method> <!-- browserQuit -->
        <test-method status="PASS" signature="toInitializeBrowser(java.lang.String)[pri:0, instance:com.obsqura.testScripts.ManagepageTest@6293abcc]" name="toInitializeBrowser" is-config="true" duration-ms="4235" started-at="2023-04-26T18:58:55 GST" finished-at="2023-04-26T18:58:59 GST">
          <params>
            <param index="0">
              <value>
                <![CDATA[Chrome]]>
              </value>
            </param>
          </params>
          <reporter-output>
          </reporter-output>
        </test-method> <!-- toInitializeBrowser -->
        <test-method status="PASS" signature="verify_searchButton_shows_ResultNotFound_When_Search_Non_ExistingPage()[pri:2, instance:com.obsqura.testScripts.ManagepageTest@6293abcc]" name="verify_searchButton_shows_ResultNotFound_When_Search_Non_ExistingPage" duration-ms="2327" started-at="2023-04-26T18:58:59 GST" finished-at="2023-04-26T18:59:01 GST">
          <reporter-output>
          </reporter-output>
        </test-method> <!-- verify_searchButton_shows_ResultNotFound_When_Search_Non_ExistingPage -->
        <test-method status="PASS" signature="browserQuit(org.testng.ITestResult)[pri:0, instance:com.obsqura.testScripts.ManagepageTest@6293abcc]" name="browserQuit" is-config="true" duration-ms="732" started-at="2023-04-26T18:59:01 GST" finished-at="2023-04-26T18:59:02 GST">
          <params>
            <param index="0">
              <value>
                <![CDATA[[TestResult name=verify_searchButton_shows_ResultNotFound_When_Search_Non_ExistingPage status=SUCCESS method=ManagepageTest.verify_searchButton_shows_ResultNotFound_When_Search_Non_ExistingPage()[pri:2, instance:com.obsqura.testScripts.ManagepageTest@6293abcc] output={null}]]]>
              </value>
            </param>
          </params>
          <reporter-output>
          </reporter-output>
        </test-method> <!-- browserQuit -->
        <test-method status="PASS" signature="toInitializeBrowser(java.lang.String)[pri:0, instance:com.obsqura.testScripts.ManagepageTest@6293abcc]" name="toInitializeBrowser" is-config="true" duration-ms="4080" started-at="2023-04-26T18:59:02 GST" finished-at="2023-04-26T18:59:06 GST">
          <params>
            <param index="0">
              <value>
                <![CDATA[Chrome]]>
              </value>
            </param>
          </params>
          <reporter-output>
          </reporter-output>
        </test-method> <!-- toInitializeBrowser -->
        <test-method status="PASS" signature="verify_searchButton_shows_Corresponding_Result_When_search_an_ExistingPage()[pri:3, instance:com.obsqura.testScripts.ManagepageTest@6293abcc]" name="verify_searchButton_shows_Corresponding_Result_When_search_an_ExistingPage" duration-ms="2235" started-at="2023-04-26T18:59:06 GST" finished-at="2023-04-26T18:59:08 GST">
          <reporter-output>
          </reporter-output>
        </test-method> <!-- verify_searchButton_shows_Corresponding_Result_When_search_an_ExistingPage -->
        <test-method status="PASS" signature="browserQuit(org.testng.ITestResult)[pri:0, instance:com.obsqura.testScripts.ManagepageTest@6293abcc]" name="browserQuit" is-config="true" duration-ms="719" started-at="2023-04-26T18:59:08 GST" finished-at="2023-04-26T18:59:09 GST">
          <params>
            <param index="0">
              <value>
                <![CDATA[[TestResult name=verify_searchButton_shows_Corresponding_Result_When_search_an_ExistingPage status=SUCCESS method=ManagepageTest.verify_searchButton_shows_Corresponding_Result_When_search_an_ExistingPage()[pri:3, instance:com.obsqura.testScripts.ManagepageTest@6293abcc] output={null}]]]>
              </value>
            </param>
          </params>
          <reporter-output>
          </reporter-output>
        </test-method> <!-- browserQuit -->
      </class> <!-- com.obsqura.testScripts.ManagepageTest -->
      <class name="com.obsqura.testScripts.ManageDeliveryBoyTest">
        <test-method status="PASS" signature="toInitializeBrowser(java.lang.String)[pri:0, instance:com.obsqura.testScripts.ManageDeliveryBoyTest@23f7d05d]" name="toInitializeBrowser" is-config="true" duration-ms="4196" started-at="2023-04-26T19:00:47 GST" finished-at="2023-04-26T19:00:51 GST">
          <params>
            <param index="0">
              <value>
                <![CDATA[Chrome]]>
              </value>
            </param>
          </params>
          <reporter-output>
          </reporter-output>
        </test-method> <!-- toInitializeBrowser -->
        <test-method status="PASS" signature="verify_password_shown_under_The_Table_Raw_when_passwordIcon_Clicked()[pri:0, instance:com.obsqura.testScripts.ManageDeliveryBoyTest@23f7d05d]" name="verify_password_shown_under_The_Table_Raw_when_passwordIcon_Clicked" duration-ms="1626" started-at="2023-04-26T19:00:51 GST" finished-at="2023-04-26T19:00:53 GST">
          <reporter-output>
          </reporter-output>
        </test-method> <!-- verify_password_shown_under_The_Table_Raw_when_passwordIcon_Clicked -->
        <test-method status="PASS" signature="browserQuit(org.testng.ITestResult)[pri:0, instance:com.obsqura.testScripts.ManageDeliveryBoyTest@23f7d05d]" name="browserQuit" is-config="true" duration-ms="685" started-at="2023-04-26T19:00:53 GST" finished-at="2023-04-26T19:00:54 GST">
          <params>
            <param index="0">
              <value>
                <![CDATA[[TestResult name=verify_password_shown_under_The_Table_Raw_when_passwordIcon_Clicked status=SUCCESS method=ManageDeliveryBoyTest.verify_password_shown_under_The_Table_Raw_when_passwordIcon_Clicked()[pri:0, instance:com.obsqura.testScripts.ManageDeliveryBoyTest@23f7d05d] output={null}]]]>
              </value>
            </param>
          </params>
          <reporter-output>
          </reporter-output>
        </test-method> <!-- browserQuit -->
      </class> <!-- com.obsqura.testScripts.ManageDeliveryBoyTest -->
      <class name="com.obsqura.testScripts.ManageLocationTest">
        <test-method status="PASS" signature="toInitializeBrowser(java.lang.String)[pri:0, instance:com.obsqura.testScripts.ManageLocationTest@1e730495]" name="toInitializeBrowser" is-config="true" duration-ms="3711" started-at="2023-04-26T19:00:54 GST" finished-at="2023-04-26T19:00:57 GST">
          <params>
            <param index="0">
              <value>
                <![CDATA[Chrome]]>
              </value>
            </param>
          </params>
          <reporter-output>
          </reporter-output>
        </test-method> <!-- toInitializeBrowser -->
        <test-method status="PASS" signature="verify_Location_Added_in_the_Table_when_save_button_clicked()[pri:0, instance:com.obsqura.testScripts.ManageLocationTest@1e730495]" name="verify_Location_Added_in_the_Table_when_save_button_clicked" duration-ms="3883" started-at="2023-04-26T19:00:57 GST" finished-at="2023-04-26T19:01:01 GST">
          <reporter-output>
          </reporter-output>
        </test-method> <!-- verify_Location_Added_in_the_Table_when_save_button_clicked -->
        <test-method status="PASS" signature="browserQuit(org.testng.ITestResult)[pri:0, instance:com.obsqura.testScripts.ManageLocationTest@1e730495]" name="browserQuit" is-config="true" duration-ms="774" started-at="2023-04-26T19:01:01 GST" finished-at="2023-04-26T19:01:02 GST">
          <params>
            <param index="0">
              <value>
                <![CDATA[[TestResult name=verify_Location_Added_in_the_Table_when_save_button_clicked status=SUCCESS method=ManageLocationTest.verify_Location_Added_in_the_Table_when_save_button_clicked()[pri:0, instance:com.obsqura.testScripts.ManageLocationTest@1e730495] output={null}]]]>
              </value>
            </param>
          </params>
          <reporter-output>
          </reporter-output>
        </test-method> <!-- browserQuit -->
      </class> <!-- com.obsqura.testScripts.ManageLocationTest -->
      <class name="com.obsqura.testScripts.ManageExpenseTest">
        <test-method status="PASS" signature="toInitializeBrowser(java.lang.String)[pri:0, instance:com.obsqura.testScripts.ManageExpenseTest@7fc2413d]" name="toInitializeBrowser" is-config="true" duration-ms="4559" started-at="2023-04-26T18:59:31 GST" finished-at="2023-04-26T18:59:35 GST">
          <params>
            <param index="0">
              <value>
                <![CDATA[Chrome]]>
              </value>
            </param>
          </params>
          <reporter-output>
          </reporter-output>
        </test-method> <!-- toInitializeBrowser -->
        <test-method status="PASS" signature="verify_Cofirmation_AlertboxText_when_DeleteButton_Clicked()[pri:0, instance:com.obsqura.testScripts.ManageExpenseTest@7fc2413d]" name="verify_Cofirmation_AlertboxText_when_DeleteButton_Clicked" duration-ms="2180" started-at="2023-04-26T18:59:35 GST" finished-at="2023-04-26T18:59:37 GST">
          <reporter-output>
          </reporter-output>
        </test-method> <!-- verify_Cofirmation_AlertboxText_when_DeleteButton_Clicked -->
        <test-method status="PASS" signature="browserQuit(org.testng.ITestResult)[pri:0, instance:com.obsqura.testScripts.ManageExpenseTest@7fc2413d]" name="browserQuit" is-config="true" duration-ms="716" started-at="2023-04-26T18:59:37 GST" finished-at="2023-04-26T18:59:38 GST">
          <params>
            <param index="0">
              <value>
                <![CDATA[[TestResult name=verify_Cofirmation_AlertboxText_when_DeleteButton_Clicked status=SUCCESS method=ManageExpenseTest.verify_Cofirmation_AlertboxText_when_DeleteButton_Clicked()[pri:0, instance:com.obsqura.testScripts.ManageExpenseTest@7fc2413d] output={null}]]]>
              </value>
            </param>
          </params>
          <reporter-output>
          </reporter-output>
        </test-method> <!-- browserQuit -->
        <test-method status="PASS" signature="toInitializeBrowser(java.lang.String)[pri:0, instance:com.obsqura.testScripts.ManageExpenseTest@7fc2413d]" name="toInitializeBrowser" is-config="true" duration-ms="4906" started-at="2023-04-26T18:59:38 GST" finished-at="2023-04-26T18:59:43 GST">
          <params>
            <param index="0">
              <value>
                <![CDATA[Chrome]]>
              </value>
            </param>
          </params>
          <reporter-output>
          </reporter-output>
        </test-method> <!-- toInitializeBrowser -->
        <test-method status="PASS" signature="verify_Cofirmation_Alertbox_Cancel_Click_Disallow_Deletion()[pri:0, instance:com.obsqura.testScripts.ManageExpenseTest@7fc2413d]" name="verify_Cofirmation_Alertbox_Cancel_Click_Disallow_Deletion" duration-ms="1812" started-at="2023-04-26T18:59:43 GST" finished-at="2023-04-26T18:59:45 GST">
          <reporter-output>
          </reporter-output>
        </test-method> <!-- verify_Cofirmation_Alertbox_Cancel_Click_Disallow_Deletion -->
        <test-method status="PASS" signature="browserQuit(org.testng.ITestResult)[pri:0, instance:com.obsqura.testScripts.ManageExpenseTest@7fc2413d]" name="browserQuit" is-config="true" duration-ms="689" started-at="2023-04-26T18:59:45 GST" finished-at="2023-04-26T18:59:45 GST">
          <params>
            <param index="0">
              <value>
                <![CDATA[[TestResult name=verify_Cofirmation_Alertbox_Cancel_Click_Disallow_Deletion status=SUCCESS method=ManageExpenseTest.verify_Cofirmation_Alertbox_Cancel_Click_Disallow_Deletion()[pri:0, instance:com.obsqura.testScripts.ManageExpenseTest@7fc2413d] output={null}]]]>
              </value>
            </param>
          </params>
          <reporter-output>
          </reporter-output>
        </test-method> <!-- browserQuit -->
      </class> <!-- com.obsqura.testScripts.ManageExpenseTest -->
      <class name="com.obsqura.testScripts.ManageUsersTest">
        <test-method status="PASS" signature="toInitializeBrowser(java.lang.String)[pri:0, instance:com.obsqura.testScripts.ManageUsersTest@23986957]" name="toInitializeBrowser" is-config="true" duration-ms="4739" started-at="2023-04-26T19:00:39 GST" finished-at="2023-04-26T19:00:44 GST">
          <params>
            <param index="0">
              <value>
                <![CDATA[Chrome]]>
              </value>
            </param>
          </params>
          <reporter-output>
          </reporter-output>
        </test-method> <!-- toInitializeBrowser -->
        <test-method status="PASS" signature="verify_corresponding_UserDetails_shown_When_Search_An_Existing_User()[pri:0, instance:com.obsqura.testScripts.ManageUsersTest@23986957]" name="verify_corresponding_UserDetails_shown_When_Search_An_Existing_User" duration-ms="2122" started-at="2023-04-26T19:00:44 GST" finished-at="2023-04-26T19:00:46 GST">
          <reporter-output>
          </reporter-output>
        </test-method> <!-- verify_corresponding_UserDetails_shown_When_Search_An_Existing_User -->
        <test-method status="PASS" signature="browserQuit(org.testng.ITestResult)[pri:0, instance:com.obsqura.testScripts.ManageUsersTest@23986957]" name="browserQuit" is-config="true" duration-ms="738" started-at="2023-04-26T19:00:46 GST" finished-at="2023-04-26T19:00:47 GST">
          <params>
            <param index="0">
              <value>
                <![CDATA[[TestResult name=verify_corresponding_UserDetails_shown_When_Search_An_Existing_User status=SUCCESS method=ManageUsersTest.verify_corresponding_UserDetails_shown_When_Search_An_Existing_User()[pri:0, instance:com.obsqura.testScripts.ManageUsersTest@23986957] output={null}]]]>
              </value>
            </param>
          </params>
          <reporter-output>
          </reporter-output>
        </test-method> <!-- browserQuit -->
      </class> <!-- com.obsqura.testScripts.ManageUsersTest -->
      <class name="com.obsqura.testScripts.LoginTest">
        <test-method status="PASS" signature="toInitializeBrowser(java.lang.String)[pri:0, instance:com.obsqura.testScripts.LoginTest@5a955565]" name="toInitializeBrowser" is-config="true" duration-ms="4143" started-at="2023-04-26T18:58:22 GST" finished-at="2023-04-26T18:58:26 GST">
          <params>
            <param index="0">
              <value>
                <![CDATA[Chrome]]>
              </value>
            </param>
          </params>
          <reporter-output>
          </reporter-output>
        </test-method> <!-- toInitializeBrowser -->
        <test-method status="PASS" signature="verify_SignIn_Button_Text_Alignment_Is_Center()[pri:0, instance:com.obsqura.testScripts.LoginTest@5a955565]" name="verify_SignIn_Button_Text_Alignment_Is_Center" duration-ms="95" started-at="2023-04-26T18:58:26 GST" finished-at="2023-04-26T18:58:26 GST">
          <reporter-output>
          </reporter-output>
        </test-method> <!-- verify_SignIn_Button_Text_Alignment_Is_Center -->
        <test-method status="PASS" signature="browserQuit(org.testng.ITestResult)[pri:0, instance:com.obsqura.testScripts.LoginTest@5a955565]" name="browserQuit" is-config="true" duration-ms="697" started-at="2023-04-26T18:58:26 GST" finished-at="2023-04-26T18:58:27 GST">
          <params>
            <param index="0">
              <value>
                <![CDATA[[TestResult name=verify_SignIn_Button_Text_Alignment_Is_Center status=SUCCESS method=LoginTest.verify_SignIn_Button_Text_Alignment_Is_Center()[pri:0, instance:com.obsqura.testScripts.LoginTest@5a955565] output={null}]]]>
              </value>
            </param>
          </params>
          <reporter-output>
          </reporter-output>
        </test-method> <!-- browserQuit -->
        <test-method status="PASS" signature="toInitializeBrowser(java.lang.String)[pri:0, instance:com.obsqura.testScripts.LoginTest@5a955565]" name="toInitializeBrowser" is-config="true" duration-ms="4270" started-at="2023-04-26T18:58:27 GST" finished-at="2023-04-26T18:58:31 GST">
          <params>
            <param index="0">
              <value>
                <![CDATA[Chrome]]>
              </value>
            </param>
          </params>
          <reporter-output>
          </reporter-output>
        </test-method> <!-- toInitializeBrowser -->
        <test-method status="PASS" signature="verify_login_with_Credentials(java.lang.String,java.lang.String)[pri:0, instance:com.obsqura.testScripts.LoginTest@5a955565]" name="verify_login_with_Credentials" duration-ms="1201" started-at="2023-04-26T18:58:31 GST" data-provider="LoginProvider" finished-at="2023-04-26T18:58:32 GST">
          <params>
            <param index="0">
              <value>
                <![CDATA[admin]]>
              </value>
            </param>
            <param index="1">
              <value>
                <![CDATA[admin]]>
              </value>
            </param>
          </params>
          <reporter-output>
          </reporter-output>
        </test-method> <!-- verify_login_with_Credentials -->
        <test-method status="PASS" signature="browserQuit(org.testng.ITestResult)[pri:0, instance:com.obsqura.testScripts.LoginTest@5a955565]" name="browserQuit" is-config="true" duration-ms="757" started-at="2023-04-26T18:58:32 GST" finished-at="2023-04-26T18:58:33 GST">
          <params>
            <param index="0">
              <value>
                <![CDATA[[TestResult name=verify_login_with_Credentials status=SUCCESS method=LoginTest.verify_login_with_Credentials(java.lang.String,java.lang.String)[pri:0, instance:com.obsqura.testScripts.LoginTest@5a955565] output={null}]]]>
              </value>
            </param>
          </params>
          <reporter-output>
          </reporter-output>
        </test-method> <!-- browserQuit -->
        <test-method status="PASS" signature="toInitializeBrowser(java.lang.String)[pri:0, instance:com.obsqura.testScripts.LoginTest@5a955565]" name="toInitializeBrowser" is-config="true" duration-ms="4693" started-at="2023-04-26T18:58:33 GST" finished-at="2023-04-26T18:58:38 GST">
          <params>
            <param index="0">
              <value>
                <![CDATA[Chrome]]>
              </value>
            </param>
          </params>
          <reporter-output>
          </reporter-output>
        </test-method> <!-- toInitializeBrowser -->
        <test-method status="PASS" signature="verify_login_with_Credentials(java.lang.String,java.lang.String)[pri:0, instance:com.obsqura.testScripts.LoginTest@5a955565]" name="verify_login_with_Credentials" duration-ms="928" started-at="2023-04-26T18:58:38 GST" data-provider="LoginProvider" finished-at="2023-04-26T18:58:39 GST">
          <params>
            <param index="0">
              <value>
                <![CDATA[Admin]]>
              </value>
            </param>
            <param index="1">
              <value>
                <![CDATA[admin]]>
              </value>
            </param>
          </params>
          <reporter-output>
          </reporter-output>
        </test-method> <!-- verify_login_with_Credentials -->
        <test-method status="PASS" signature="browserQuit(org.testng.ITestResult)[pri:0, instance:com.obsqura.testScripts.LoginTest@5a955565]" name="browserQuit" is-config="true" duration-ms="695" started-at="2023-04-26T18:58:39 GST" finished-at="2023-04-26T18:58:39 GST">
          <params>
            <param index="0">
              <value>
                <![CDATA[[TestResult name=verify_login_with_Credentials status=SUCCESS method=LoginTest.verify_login_with_Credentials(java.lang.String,java.lang.String)[pri:0, instance:com.obsqura.testScripts.LoginTest@5a955565] output={null}]]]>
              </value>
            </param>
          </params>
          <reporter-output>
          </reporter-output>
        </test-method> <!-- browserQuit -->
        <test-method status="PASS" signature="toInitializeBrowser(java.lang.String)[pri:0, instance:com.obsqura.testScripts.LoginTest@5a955565]" name="toInitializeBrowser" is-config="true" duration-ms="3752" started-at="2023-04-26T18:58:39 GST" finished-at="2023-04-26T18:58:43 GST">
          <params>
            <param index="0">
              <value>
                <![CDATA[Chrome]]>
              </value>
            </param>
          </params>
          <reporter-output>
          </reporter-output>
        </test-method> <!-- toInitializeBrowser -->
        <test-method status="PASS" signature="verify_logout_from_the_Session_is_Possible_when_LogoutButton_Clicked()[pri:0, instance:com.obsqura.testScripts.LoginTest@5a955565]" name="verify_logout_from_the_Session_is_Possible_when_LogoutButton_Clicked" duration-ms="1659" started-at="2023-04-26T18:58:43 GST" finished-at="2023-04-26T18:58:45 GST">
          <reporter-output>
          </reporter-output>
        </test-method> <!-- verify_logout_from_the_Session_is_Possible_when_LogoutButton_Clicked -->
        <test-method status="PASS" signature="browserQuit(org.testng.ITestResult)[pri:0, instance:com.obsqura.testScripts.LoginTest@5a955565]" name="browserQuit" is-config="true" duration-ms="700" started-at="2023-04-26T18:58:45 GST" finished-at="2023-04-26T18:58:45 GST">
          <params>
            <param index="0">
              <value>
                <![CDATA[[TestResult name=verify_logout_from_the_Session_is_Possible_when_LogoutButton_Clicked status=SUCCESS method=LoginTest.verify_logout_from_the_Session_is_Possible_when_LogoutButton_Clicked()[pri:0, instance:com.obsqura.testScripts.LoginTest@5a955565] output={null}]]]>
              </value>
            </param>
          </params>
          <reporter-output>
          </reporter-output>
        </test-method> <!-- browserQuit -->
      </class> <!-- com.obsqura.testScripts.LoginTest -->
    </test> <!-- Test -->
  </suite> <!-- Suite -->
</testng-results>
