<?xml version="1.0" encoding="UTF-8"?>
<testng-results ignored="0" total="3" passed="3" failed="0" skipped="0">
  <reporter-output>
  </reporter-output>
  <suite started-at="2023-03-29T16:54:13 GST" name="Default suite" finished-at="2023-03-29T16:54:27 GST" duration-ms="14154">
    <groups>
    </groups>
    <test started-at="2023-03-29T16:54:13 GST" name="Default test" finished-at="2023-03-29T16:54:27 GST" duration-ms="14154">
      <class name="com.obsqura.maven.testscripts.CheckBoxDemoPageFactoryTest">
        <test-method is-config="true" signature="toInitializeBrowser()[pri:0, instance:com.obsqura.maven.testscripts.CheckBoxDemoPageFactoryTest@53fdffa1]" started-at="2023-03-29T16:54:13 GST" name="toInitializeBrowser" finished-at="2023-03-29T16:54:18 GST" duration-ms="4440" status="PASS">
          <reporter-output>
          </reporter-output>
        </test-method> <!-- toInitializeBrowser -->
        <test-method signature="verify_SingleInputCheckBox()[pri:0, instance:com.obsqura.maven.testscripts.CheckBoxDemoPageFactoryTest@53fdffa1]" started-at="2023-03-29T16:54:18 GST" name="verify_SingleInputCheckBox" finished-at="2023-03-29T16:54:18 GST" duration-ms="596" status="PASS">
          <reporter-output>
          </reporter-output>
        </test-method> <!-- verify_SingleInputCheckBox -->
        <test-method is-config="true" signature="toQuit()[pri:0, instance:com.obsqura.maven.testscripts.CheckBoxDemoPageFactoryTest@53fdffa1]" started-at="2023-03-29T16:54:18 GST" name="toQuit" finished-at="2023-03-29T16:54:18 GST" duration-ms="218" status="PASS">
          <reporter-output>
          </reporter-output>
        </test-method> <!-- toQuit -->
        <test-method is-config="true" signature="toInitializeBrowser()[pri:0, instance:com.obsqura.maven.testscripts.CheckBoxDemoPageFactoryTest@53fdffa1]" started-at="2023-03-29T16:54:18 GST" name="toInitializeBrowser" finished-at="2023-03-29T16:54:22 GST" duration-ms="3367" status="PASS">
          <reporter-output>
          </reporter-output>
        </test-method> <!-- toInitializeBrowser -->
        <test-method signature="verify_attributevalueofSelectAllButton()[pri:0, instance:com.obsqura.maven.testscripts.CheckBoxDemoPageFactoryTest@53fdffa1]" started-at="2023-03-29T16:54:22 GST" name="verify_attributevalueofSelectAllButton" finished-at="2023-03-29T16:54:22 GST" duration-ms="539" status="PASS">
          <reporter-output>
          </reporter-output>
        </test-method> <!-- verify_attributevalueofSelectAllButton -->
        <test-method is-config="true" signature="toQuit()[pri:0, instance:com.obsqura.maven.testscripts.CheckBoxDemoPageFactoryTest@53fdffa1]" started-at="2023-03-29T16:54:22 GST" name="toQuit" finished-at="2023-03-29T16:54:22 GST" duration-ms="181" status="PASS">
          <reporter-output>
          </reporter-output>
        </test-method> <!-- toQuit -->
        <test-method is-config="true" signature="toInitializeBrowser()[pri:0, instance:com.obsqura.maven.testscripts.CheckBoxDemoPageFactoryTest@53fdffa1]" started-at="2023-03-29T16:54:22 GST" name="toInitializeBrowser" finished-at="2023-03-29T16:54:27 GST" duration-ms="4073" status="PASS">
          <reporter-output>
          </reporter-output>
        </test-method> <!-- toInitializeBrowser -->
        <test-method signature="verify_selectAllButtonBackgroundColor()[pri:0, instance:com.obsqura.maven.testscripts.CheckBoxDemoPageFactoryTest@53fdffa1]" started-at="2023-03-29T16:54:27 GST" name="verify_selectAllButtonBackgroundColor" finished-at="2023-03-29T16:54:27 GST" duration-ms="517" status="PASS">
          <reporter-output>
          </reporter-output>
        </test-method> <!-- verify_selectAllButtonBackgroundColor -->
        <test-method is-config="true" signature="toQuit()[pri:0, instance:com.obsqura.maven.testscripts.CheckBoxDemoPageFactoryTest@53fdffa1]" started-at="2023-03-29T16:54:27 GST" name="toQuit" finished-at="2023-03-29T16:54:27 GST" duration-ms="182" status="PASS">
          <reporter-output>
          </reporter-output>
        </test-method> <!-- toQuit -->
      </class> <!-- com.obsqura.maven.testscripts.CheckBoxDemoPageFactoryTest -->
    </test> <!-- Default test -->
  </suite> <!-- Default suite -->
</testng-results>
