<?xml version="1.0" encoding="UTF-8"?>
<!-- Generated by org.testng.reporters.JUnitXMLReporter -->
<testsuite hostname="Probook15-650Series" ignored="0" name="Test" tests="30" failures="0" timestamp="2023-04-27T02:33:30 GST" time="270.408" errors="0">
  <testcase name="verify_New_AdminUser_Details_Added_In_The_Table_When_SaveButton_Clicked" time="5.503" classname="com.obsqura.testScripts.AdminUsersTest"/>
  <testcase name="verify_Resul_Not_Found_AppearsIn_The_Table_When_search_non_ExistingUser" time="3.01" classname="com.obsqura.testScripts.AdminUsersTest"/>
  <testcase name="verify_resetButton_BackgroundColor" time="2.286" classname="com.obsqura.testScripts.AdminUsersTest"/>
  <testcase name="verify_searchButton_shows_Corresponding_Result_When_search_an_ExistingUser" time="2.924" classname="com.obsqura.testScripts.AdminUsersTest"/>
  <testcase name="verify_SignIn_Button_Text_Alignment_Is_Center" time="0.115" classname="com.obsqura.testScripts.LoginTest"/>
  <testcase name="verify_login_with_Credentials" time="0.965" classname="com.obsqura.testScripts.LoginTest"/>
  <testcase name="verify_login_with_Credentials" time="0.95" classname="com.obsqura.testScripts.LoginTest"/>
  <testcase name="verify_logout_from_the_Session_is_Possible_when_LogoutButton_Clicked" time="2.229" classname="com.obsqura.testScripts.LoginTest"/>
  <testcase name="verify_newButton_allowstoAddPageswith_new_page_and_title" time="3.967" classname="com.obsqura.testScripts.ManagepageTest"/>
  <testcase name="verify_searchButton_shows_ResultNotFound_When_Search_Non_ExistingPage" time="2.136" classname="com.obsqura.testScripts.ManagepageTest"/>
  <testcase name="verify_searchButton_shows_Corresponding_Result_When_search_an_ExistingPage" time="3.079" classname="com.obsqura.testScripts.ManagepageTest"/>
  <testcase name="verify_AlertMessage_Visible_if_chooseFileButton_uploads_imageFilewithLink_when_SaveButton_Clicked" time="3.283" classname="com.obsqura.testScripts.ManageSliderTest"/>
  <testcase name="verify_Status_Changed_Successfully_in_The_Table" time="2.263" classname="com.obsqura.testScripts.ManageSliderTest"/>
  <testcase name="verify_manageSliderLink_navigatedto_ListSliderPage" time="2.351" classname="com.obsqura.testScripts.ManageSliderTest"/>
  <testcase name="verify_Cofirmation_AlertboxText_when_DeleteButton_Clicked" time="1.722" classname="com.obsqura.testScripts.ManageExpenseTest"/>
  <testcase name="verify_Cofirmation_Alertbox_Cancel_Click_Disallow_Deletion" time="1.95" classname="com.obsqura.testScripts.ManageExpenseTest"/>
  <testcase name="verify_Number_Of_Available_OfferCodes_InTheTable" time="1.838" classname="com.obsqura.testScripts.ManageOfferCodeTest"/>
  <testcase name="verify_seraching_With_Existing_Offercode_Shows_Corressponding_Details" time="2.209" classname="com.obsqura.testScripts.ManageOfferCodeTest"/>
  <testcase name="verify_New_News_Entered_susccessfully_In_The_Table_When_SaveButton_Clicked" time="4.913" classname="com.obsqura.testScripts.ManageNewsTest"/>
  <testcase name="verify_newsField_Is_Editable_when_Edit_Icon_Clicked" time="2.895" classname="com.obsqura.testScripts.ManageNewsTest"/>
  <testcase name="verify_searchButton_shows_Corresponding_Result_When_search_an_ExistingNews" time="2.986" classname="com.obsqura.testScripts.ManageNewsTest"/>
  <testcase name="verify_searchButton_shows_ResultNotFound_When_Search_Non_ExistingNews" time="1.969" classname="com.obsqura.testScripts.ManageNewsTest"/>
  <testcase name="verify_Send_successfully_AlertMessage_Appears_When_Send_Button_Clicked" time="2.879" classname="com.obsqura.testScripts.PushNotificationsTest"/>
  <testcase name="verify_newsField_Is_Editable_when_Edit_Icon_Clicked" time="3.057" classname="com.obsqura.testScripts.ManagePaymentMethodTest"/>
  <testcase name="verify_corresponding_UserDetails_shown_When_Search_An_Existing_User" time="2.23" classname="com.obsqura.testScripts.ManageUsersTest"/>
  <testcase name="verify_password_shown_under_The_Table_Raw_when_passwordIcon_Clicked" time="1.701" classname="com.obsqura.testScripts.ManageDeliveryBoyTest"/>
  <testcase name="verify_Location_Added_in_the_Table_when_save_button_clicked" time="4.421" classname="com.obsqura.testScripts.ManageLocationTest"/>
  <testcase name="verify_nonVegRadioButtonIsSelectable" time="3.142" classname="com.obsqura.testScripts.ManageProductTest"/>
  <testcase name="verify_weightUnitDropdownisWorking" time="2.964" classname="com.obsqura.testScripts.ManageProductTest"/>
  <testcase name="verify_Countof_Available_Categories_InTheTable" time="1.876" classname="com.obsqura.testScripts.CategoryTest"/>
</testsuite> <!-- Test -->
