<?xml version="1.0" encoding="UTF-8"?>
<!-- Generated by org.testng.reporters.JUnitXMLReporter -->
<testsuite ignored="0" hostname="Probook15-650Series" failures="0" tests="11" name="chrome test" time="131.265" errors="0" timestamp="2023-04-19T19:54:57 GST">
  <testcase classname="com.obsqura.testScripts.LoginTest" name="verify_RememberMeCheckBox_Is_Selected" time="0.084"/>
  <testcase classname="com.obsqura.testScripts.LoginTest" name="verify_SignIn_Button_Text_AlignmentIsCenter" time="1.21"/>
  <testcase classname="com.obsqura.testScripts.LoginTest" name="verify_login_with_Credentials" time="1.752"/>
  <testcase classname="com.obsqura.testScripts.ManageExpenseTest" name="verify_CofirmationAlertboxText_when_DeleteButtonClicked" time="2.474"/>
  <testcase classname="com.obsqura.testScripts.ManageExpenseTest" name="verify_CofirmationAlertbox_CancelClick" time="2.52"/>
  <testcase classname="com.obsqura.testScripts.ManagepageTest" name="verify_newButton_allowstoAddPageswith_new_page_and_title" time="7.7"/>
  <testcase classname="com.obsqura.testScripts.ManagepageTest" name="verify_searchButton_shows_ResultNotFoundWhensearch_NonexistingPage" time="3.657"/>
  <testcase classname="com.obsqura.testScripts.AdminUsersTest" name="verify_resetButtonBackgroundColor" time="2.904"/>
  <testcase classname="com.obsqura.testScripts.AdminUsersTest" name="verify_usertypeDropdownBoxIsSelectable" time="3.438"/>
  <testcase classname="com.obsqura.testScripts.ManageProductTest" name="verify_nonVegRadioButtonIsSelectable" time="5.442"/>
  <testcase classname="com.obsqura.testScripts.ManageProductTest" name="verify_weightUnitDropdownisWorking" time="6.237"/>
</testsuite> <!-- chrome test -->
