<?xml version="1.0" encoding="UTF-8"?>
<!-- Generated by org.testng.reporters.JUnitXMLReporter -->
<testsuite ignored="0" hostname="Probook15-650Series" failures="0" tests="30" name="Test" time="243.608" errors="0" timestamp="2023-04-27T22:11:27 GST">
  <testcase classname="com.obsqura.testScripts.AdminUsersTest" name="verify_New_AdminUser_Details_Added_In_The_Table_When_SaveButton_Clicked" time="7.789"/>
  <testcase classname="com.obsqura.testScripts.AdminUsersTest" name="verify_Resul_Not_Found_AppearsIn_The_Table_When_search_non_ExistingUser" time="2.459"/>
  <testcase classname="com.obsqura.testScripts.AdminUsersTest" name="verify_resetButton_BackgroundColor" time="1.796"/>
  <testcase classname="com.obsqura.testScripts.AdminUsersTest" name="verify_searchButton_shows_Corresponding_Result_When_search_an_ExistingUser" time="3.033"/>
  <testcase classname="com.obsqura.testScripts.LoginTest" name="verify_SignIn_Button_Text_Alignment_Is_Center" time="0.108"/>
  <testcase classname="com.obsqura.testScripts.LoginTest" name="verify_login_with_Credentials" time="0.991"/>
  <testcase classname="com.obsqura.testScripts.LoginTest" name="verify_login_with_Credentials" time="0.985"/>
  <testcase classname="com.obsqura.testScripts.LoginTest" name="verify_logout_from_the_Session_is_Possible_when_LogoutButton_Clicked" time="2.386"/>
  <testcase classname="com.obsqura.testScripts.ManagepageTest" name="verify_newButton_allowstoAddPageswith_new_page_and_title" time="5.132"/>
  <testcase classname="com.obsqura.testScripts.ManagepageTest" name="verify_searchButton_shows_ResultNotFound_When_Search_Non_ExistingPage" time="2.469"/>
  <testcase classname="com.obsqura.testScripts.ManagepageTest" name="verify_searchButton_shows_Corresponding_Result_When_search_an_ExistingPage" time="2.367"/>
  <testcase classname="com.obsqura.testScripts.ManageSliderTest" name="verify_AlertMessage_Visible_if_chooseFileButton_uploads_imageFilewithLink_when_SaveButton_Clicked" time="3.419"/>
  <testcase classname="com.obsqura.testScripts.ManageSliderTest" name="verify_Status_Changed_Successfully_in_The_Table" time="2.732"/>
  <testcase classname="com.obsqura.testScripts.ManageSliderTest" name="verify_manageSliderLink_navigatedto_ListSliderPage" time="1.681"/>
  <testcase classname="com.obsqura.testScripts.ManageExpenseTest" name="verify_Cofirmation_AlertboxText_when_DeleteButton_Clicked" time="2.478"/>
  <testcase classname="com.obsqura.testScripts.ManageExpenseTest" name="verify_Cofirmation_Alertbox_Cancel_Click_Disallow_Deletion" time="2.654"/>
  <testcase classname="com.obsqura.testScripts.ManageOfferCodeTest" name="verify_Number_Of_Available_OfferCodes_InTheTable" time="2.032"/>
  <testcase classname="com.obsqura.testScripts.ManageOfferCodeTest" name="verify_seraching_With_Existing_Offercode_Shows_Corressponding_Details" time="2.167"/>
  <testcase classname="com.obsqura.testScripts.ManageNewsTest" name="verify_New_News_Entered_susccessfully_In_The_Table_When_SaveButton_Clicked" time="3.503"/>
  <testcase classname="com.obsqura.testScripts.ManageNewsTest" name="verify_newsField_Is_Editable_when_Edit_Icon_Clicked" time="3.079"/>
  <testcase classname="com.obsqura.testScripts.ManageNewsTest" name="verify_searchButton_shows_Corresponding_Result_When_search_an_ExistingNews" time="2.659"/>
  <testcase classname="com.obsqura.testScripts.ManageNewsTest" name="verify_searchButton_shows_ResultNotFound_When_Search_Non_ExistingNews" time="2.016"/>
  <testcase classname="com.obsqura.testScripts.PushNotificationsTest" name="verify_Send_successfully_AlertMessage_Appears_When_Send_Button_Clicked" time="2.653"/>
  <testcase classname="com.obsqura.testScripts.ManagePaymentMethodTest" name="verify_newsField_Is_Editable_when_Edit_Icon_Clicked" time="2.681"/>
  <testcase classname="com.obsqura.testScripts.ManageUsersTest" name="verify_corresponding_UserDetails_shown_When_Search_An_Existing_User" time="2.1"/>
  <testcase classname="com.obsqura.testScripts.ManageDeliveryBoyTest" name="verify_password_shown_under_The_Table_Raw_when_passwordIcon_Clicked" time="2.112"/>
  <testcase classname="com.obsqura.testScripts.ManageLocationTest" name="verify_Location_Added_in_the_Table_when_save_button_clicked" time="3.724"/>
  <testcase classname="com.obsqura.testScripts.ManageProductTest" name="verify_nonVegRadioButtonIsSelectable" time="3.494"/>
  <testcase classname="com.obsqura.testScripts.ManageProductTest" name="verify_weightUnitDropdownisWorking" time="2.611"/>
  <testcase classname="com.obsqura.testScripts.CategoryTest" name="verify_Countof_Available_Categories_InTheTable" time="2.417"/>
</testsuite> <!-- Test -->
