<?xml version="1.0" encoding="UTF-8"?>
<!-- Generated by org.testng.reporters.JUnitXMLReporter -->
<testsuite ignored="0" hostname="Probook15-650Series" failures="0" tests="13" name="Test" time="99.653" errors="0" timestamp="2023-04-21T00:33:28 GST">
  <testcase classname="com.obsqura.testScripts.ManageProductTest" name="verify_nonVegRadioButtonIsSelectable" time="3.97"/>
  <testcase classname="com.obsqura.testScripts.ManageProductTest" name="verify_weightUnitDropdownisWorking" time="3.515"/>
  <testcase classname="com.obsqura.testScripts.AdminUsersTest" name="verify_resetButtonBackgroundColor" time="1.483"/>
  <testcase classname="com.obsqura.testScripts.AdminUsersTest" name="verify_usertypeDropdownBoxIsSelectable" time="1.895"/>
  <testcase classname="com.obsqura.testScripts.LoginTest" name="verify_RememberMeCheckBox_Is_Selected" time="0.031"/>
  <testcase classname="com.obsqura.testScripts.LoginTest" name="verify_SignIn_Button_Text_AlignmentIsCenter" time="0.115"/>
  <testcase classname="com.obsqura.testScripts.LoginTest" name="verify_login_with_Credentials" time="1.114"/>
  <testcase classname="com.obsqura.testScripts.ManagepageTest" name="verify_newButton_allowstoAddPageswith_new_page_and_title" time="4.546"/>
  <testcase classname="com.obsqura.testScripts.ManagepageTest" name="verify_searchButton_shows_ResultNotFoundWhensearch_NonexistingPage" time="2.236"/>
  <testcase classname="com.obsqura.testScripts.ManageSliderTest" name="verify_manageSliderLink_navigatedto_ListSliderPage" time="2.134"/>
  <testcase classname="com.obsqura.testScripts.ManageSliderTest" name="verify_statusChangedSuccessfully_AlertMessage_Appears_whenClicked" time="2.365"/>
  <testcase classname="com.obsqura.testScripts.ManageExpenseTest" name="verify_CofirmationAlertboxText_when_DeleteButtonClicked" time="2.373"/>
  <testcase classname="com.obsqura.testScripts.ManageExpenseTest" name="verify_CofirmationAlertbox_CancelClick" time="1.592"/>
</testsuite> <!-- Test -->
